2022-11-25 06:41:49,958 - mmpose - INFO - Environment info:
------------------------------------------------------------
sys.platform: linux
Python: 3.8.13 (default, Mar 28 2022, 11:38:47) [GCC 7.5.0]
CUDA available: True
GPU 0: NVIDIA A100-PCIE-40GB
CUDA_HOME: /usr
NVCC: Cuda compilation tools, release 10.1, V10.1.24
GCC: gcc (Ubuntu 9.4.0-1ubuntu1~20.04.1) 9.4.0
PyTorch: 1.11.0+cu113
PyTorch compiling details: PyTorch built with:
  - GCC 7.3
  - C++ Version: 201402
  - Intel(R) Math Kernel Library Version 2020.0.0 Product Build 20191122 for Intel(R) 64 architecture applications
  - Intel(R) MKL-DNN v2.5.2 (Git Hash a9302535553c73243c632ad3c4c80beec3d19a1e)
  - OpenMP 201511 (a.k.a. OpenMP 4.5)
  - LAPACK is enabled (usually provided by MKL)
  - NNPACK is enabled
  - CPU capability usage: AVX2
  - CUDA Runtime 11.3
  - NVCC architecture flags: -gencode;arch=compute_37,code=sm_37;-gencode;arch=compute_50,code=sm_50;-gencode;arch=compute_60,code=sm_60;-gencode;arch=compute_70,code=sm_70;-gencode;arch=compute_75,code=sm_75;-gencode;arch=compute_80,code=sm_80;-gencode;arch=compute_86,code=sm_86
  - CuDNN 8.2
  - Magma 2.5.2
  - Build settings: BLAS_INFO=mkl, BUILD_TYPE=Release, CUDA_VERSION=11.3, CUDNN_VERSION=8.2.0, CXX_COMPILER=/opt/rh/devtoolset-7/root/usr/bin/c++, CXX_FLAGS= -Wno-deprecated -fvisibility-inlines-hidden -DUSE_PTHREADPOOL -fopenmp -DNDEBUG -DUSE_KINETO -DUSE_FBGEMM -DUSE_QNNPACK -DUSE_PYTORCH_QNNPACK -DUSE_XNNPACK -DSYMBOLICATE_MOBILE_DEBUG_HANDLE -DEDGE_PROFILER_USE_KINETO -O2 -fPIC -Wno-narrowing -Wall -Wextra -Werror=return-type -Wno-missing-field-initializers -Wno-type-limits -Wno-array-bounds -Wno-unknown-pragmas -Wno-sign-compare -Wno-unused-parameter -Wno-unused-function -Wno-unused-result -Wno-unused-local-typedefs -Wno-strict-overflow -Wno-strict-aliasing -Wno-error=deprecated-declarations -Wno-stringop-overflow -Wno-psabi -Wno-error=pedantic -Wno-error=redundant-decls -Wno-error=old-style-cast -fdiagnostics-color=always -faligned-new -Wno-unused-but-set-variable -Wno-maybe-uninitialized -fno-math-errno -fno-trapping-math -Werror=format -Wno-stringop-overflow, LAPACK_INFO=mkl, PERF_WITH_AVX=1, PERF_WITH_AVX2=1, PERF_WITH_AVX512=1, TORCH_VERSION=1.11.0, USE_CUDA=ON, USE_CUDNN=ON, USE_EXCEPTION_PTR=1, USE_GFLAGS=OFF, USE_GLOG=OFF, USE_MKL=ON, USE_MKLDNN=OFF, USE_MPI=OFF, USE_NCCL=ON, USE_NNPACK=ON, USE_OPENMP=ON, USE_ROCM=OFF, 

TorchVision: 0.12.0+cu113
OpenCV: 4.6.0
MMCV: 1.6.2
MMCV Compiler: GCC 9.4
MMCV CUDA Compiler: 10.1
MMPose: 0.29.0+c314105
------------------------------------------------------------

2022-11-25 06:41:50,042 - mmpose - INFO - Distributed training: False
2022-11-25 06:41:50,103 - mmpose - INFO - Config:
checkpoint_config = dict(interval=1)
log_config = dict(interval=5, hooks=[dict(type='TextLoggerHook')])
log_level = 'INFO'
load_from = None
resume_from = None
dist_params = dict(backend='nccl')
workflow = [('train', 1)]
opencv_num_threads = 1
mp_start_method = 'fork'
custom_imports = dict(
    imports=['models', 'datasets'], allow_failed_imports=False)
model = dict(
    type='PFLD',
    backbone=dict(type='PFLDInference'),
    loss_cfg=dict(type='PFLDLoss'))
train_pipeline = [
    dict(type='Resize', height=112, width=112, interpolation=0),
    dict(type='ColorJitter', brightness=0.3, p=0.5),
    dict(type='MedianBlur', blur_limit=3, p=0.3),
    dict(type='HorizontalFlip'),
    dict(type='VerticalFlip'),
    dict(type='Rotate'),
    dict(type='Affine', translate_percent=[0.05, 0.1], p=0.6)
]
val_pipeline = [dict(type='Resize', height=112, width=112)]
dataset_type = 'MeterData'
data_root = '~/datasets/meter'
data = dict(
    samples_per_gpu=16,
    workers_per_gpu=2,
    train=dict(
        type='MeterData',
        data_root='~/datasets/meter',
        index_file='train/annotations.txt',
        pipeline=[
            dict(type='Resize', height=112, width=112, interpolation=0),
            dict(type='ColorJitter', brightness=0.3, p=0.5),
            dict(type='MedianBlur', blur_limit=3, p=0.3),
            dict(type='HorizontalFlip'),
            dict(type='VerticalFlip'),
            dict(type='Rotate'),
            dict(type='Affine', translate_percent=[0.05, 0.1], p=0.6)
        ]),
    val=dict(
        type='MeterData',
        data_root='~/datasets/meter',
        index_file='val/annotations.txt',
        pipeline=[dict(type='Resize', height=112, width=112)],
        test_mode=True),
    test=dict(
        type='MeterData',
        data_root='~/datasets/meter',
        index_file='val/annotations.txt',
        pipeline=[dict(type='Resize', height=112, width=112)],
        test_mode=True))
evaluation = dict(save_best='loss')
optimizer = dict(type='Adam', lr=0.0001, betas=(0.9, 0.99), weight_decay=1e-06)
optimizer_config = dict(grad_clip=dict(max_norm=35, norm_type=2))
lr_config = dict(
    policy='step',
    warmup='linear',
    warmup_iters=400,
    warmup_ratio=0.0001,
    step=[440, 490])
total_epochs = 500
find_unused_parameters = True
work_dir = '/home/dq/github/edgelab/work_dirs/pfld_mv2n_112/exp39'
auto_resume = False
gpu_ids = [0]

2022-11-25 06:41:50,104 - mmpose - INFO - Set random seed to 1454882809, deterministic: False
2022-11-25 06:41:55,114 - mmpose - INFO - Start running, host: dq@stu, work_dir: /home/dq/github/edgelab/work_dirs/pfld_mv2n_112/exp39
2022-11-25 06:41:55,114 - mmpose - INFO - Hooks will be executed in the following order:
before_run:
(VERY_HIGH   ) StepLrUpdaterHook                  
(NORMAL      ) CheckpointHook                     
(NORMAL      ) EvalHook                           
(VERY_LOW    ) TextLoggerHook                     
 -------------------- 
before_train_epoch:
(VERY_HIGH   ) StepLrUpdaterHook                  
(NORMAL      ) EvalHook                           
(LOW         ) IterTimerHook                      
(VERY_LOW    ) TextLoggerHook                     
 -------------------- 
before_train_iter:
(VERY_HIGH   ) StepLrUpdaterHook                  
(NORMAL      ) EvalHook                           
(LOW         ) IterTimerHook                      
 -------------------- 
after_train_iter:
(ABOVE_NORMAL) OptimizerHook                      
(NORMAL      ) CheckpointHook                     
(NORMAL      ) EvalHook                           
(LOW         ) IterTimerHook                      
(VERY_LOW    ) TextLoggerHook                     
 -------------------- 
after_train_epoch:
(NORMAL      ) CheckpointHook                     
(NORMAL      ) EvalHook                           
(VERY_LOW    ) TextLoggerHook                     
 -------------------- 
before_val_epoch:
(LOW         ) IterTimerHook                      
(VERY_LOW    ) TextLoggerHook                     
 -------------------- 
before_val_iter:
(LOW         ) IterTimerHook                      
 -------------------- 
after_val_iter:
(LOW         ) IterTimerHook                      
 -------------------- 
after_val_epoch:
(VERY_LOW    ) TextLoggerHook                     
 -------------------- 
after_run:
(VERY_LOW    ) TextLoggerHook                     
 -------------------- 
2022-11-25 06:41:55,114 - mmpose - INFO - workflow: [('train', 1)], max: 500 epochs
2022-11-25 06:41:55,115 - mmpose - INFO - Checkpoints will be saved to /home/dq/github/edgelab/work_dirs/pfld_mv2n_112/exp39 by HardDiskBackend.
2022-11-25 06:41:57,722 - mmpose - INFO - Epoch [1][5/325]	lr: 1.010e-06, eta: 23:31:11, time: 0.521, data_time: 0.447, memory: 145, loss: 0.1463, grad_norm: 14.7849
2022-11-25 06:41:57,977 - mmpose - INFO - Epoch [1][10/325]	lr: 2.260e-06, eta: 12:54:46, time: 0.051, data_time: 0.001, memory: 145, loss: 0.1391, grad_norm: 14.6004
2022-11-25 06:41:58,198 - mmpose - INFO - Epoch [1][15/325]	lr: 3.510e-06, eta: 9:16:14, time: 0.044, data_time: 0.000, memory: 145, loss: 0.1445, grad_norm: 15.3472
2022-11-25 06:41:58,442 - mmpose - INFO - Epoch [1][20/325]	lr: 4.760e-06, eta: 7:30:19, time: 0.049, data_time: 0.001, memory: 145, loss: 0.1355, grad_norm: 14.1372
2022-11-25 06:41:58,713 - mmpose - INFO - Epoch [1][25/325]	lr: 6.009e-06, eta: 6:29:30, time: 0.054, data_time: 0.001, memory: 145, loss: 0.1395, grad_norm: 14.5344
2022-11-25 06:41:58,989 - mmpose - INFO - Epoch [1][30/325]	lr: 7.259e-06, eta: 5:49:31, time: 0.055, data_time: 0.001, memory: 145, loss: 0.1164, grad_norm: 13.8968
2022-11-25 06:41:59,279 - mmpose - INFO - Epoch [1][35/325]	lr: 8.509e-06, eta: 5:22:03, time: 0.058, data_time: 0.001, memory: 145, loss: 0.0973, grad_norm: 12.2976
2022-11-25 06:41:59,557 - mmpose - INFO - Epoch [1][40/325]	lr: 9.759e-06, eta: 5:00:37, time: 0.056, data_time: 0.000, memory: 145, loss: 0.1115, grad_norm: 12.6679
2022-11-25 06:41:59,835 - mmpose - INFO - Epoch [1][45/325]	lr: 1.101e-05, eta: 4:43:55, time: 0.056, data_time: 0.000, memory: 145, loss: 0.0854, grad_norm: 11.4082
2022-11-25 06:42:00,038 - mmpose - INFO - Epoch [1][50/325]	lr: 1.226e-05, eta: 4:26:32, time: 0.041, data_time: 0.000, memory: 145, loss: 0.0919, grad_norm: 12.6664
2022-11-25 06:42:00,270 - mmpose - INFO - Epoch [1][55/325]	lr: 1.351e-05, eta: 4:13:38, time: 0.046, data_time: 0.000, memory: 145, loss: 0.0757, grad_norm: 10.6634
2022-11-25 06:42:00,525 - mmpose - INFO - Epoch [1][60/325]	lr: 1.476e-05, eta: 4:04:02, time: 0.051, data_time: 0.001, memory: 145, loss: 0.0738, grad_norm: 10.7054
2022-11-25 06:42:00,783 - mmpose - INFO - Epoch [1][65/325]	lr: 1.601e-05, eta: 3:56:00, time: 0.052, data_time: 0.000, memory: 145, loss: 0.0716, grad_norm: 11.1992
2022-11-25 06:42:01,044 - mmpose - INFO - Epoch [1][70/325]	lr: 1.726e-05, eta: 3:49:11, time: 0.052, data_time: 0.000, memory: 145, loss: 0.0585, grad_norm: 10.6815
2022-11-25 06:42:01,302 - mmpose - INFO - Epoch [1][75/325]	lr: 1.851e-05, eta: 3:43:16, time: 0.052, data_time: 0.001, memory: 145, loss: 0.0626, grad_norm: 10.8876
2022-11-25 06:42:01,591 - mmpose - INFO - Epoch [1][80/325]	lr: 1.976e-05, eta: 3:39:05, time: 0.058, data_time: 0.000, memory: 145, loss: 0.0436, grad_norm: 8.9756
2022-11-25 06:42:01,848 - mmpose - INFO - Epoch [1][85/325]	lr: 2.101e-05, eta: 3:34:20, time: 0.051, data_time: 0.000, memory: 145, loss: 0.0530, grad_norm: 10.5357
2022-11-25 06:42:02,107 - mmpose - INFO - Epoch [1][90/325]	lr: 2.226e-05, eta: 3:30:11, time: 0.052, data_time: 0.000, memory: 145, loss: 0.0530, grad_norm: 9.7355
2022-11-25 06:42:02,367 - mmpose - INFO - Epoch [1][95/325]	lr: 2.351e-05, eta: 3:26:34, time: 0.052, data_time: 0.001, memory: 145, loss: 0.0481, grad_norm: 10.3055
2022-11-25 06:42:02,625 - mmpose - INFO - Epoch [1][100/325]	lr: 2.476e-05, eta: 3:23:13, time: 0.052, data_time: 0.000, memory: 145, loss: 0.0526, grad_norm: 10.8314
2022-11-25 06:42:02,879 - mmpose - INFO - Epoch [1][105/325]	lr: 2.601e-05, eta: 3:20:04, time: 0.051, data_time: 0.000, memory: 145, loss: 0.0500, grad_norm: 9.6508
2022-11-25 06:42:03,137 - mmpose - INFO - Epoch [1][110/325]	lr: 2.726e-05, eta: 3:17:19, time: 0.052, data_time: 0.000, memory: 145, loss: 0.0467, grad_norm: 9.3417
2022-11-25 06:42:03,395 - mmpose - INFO - Epoch [1][115/325]	lr: 2.851e-05, eta: 3:14:48, time: 0.052, data_time: 0.000, memory: 145, loss: 0.0459, grad_norm: 9.8026
2022-11-25 06:42:03,657 - mmpose - INFO - Epoch [1][120/325]	lr: 2.976e-05, eta: 3:12:35, time: 0.052, data_time: 0.000, memory: 145, loss: 0.0463, grad_norm: 9.5895
2022-11-25 06:42:03,916 - mmpose - INFO - Epoch [1][125/325]	lr: 3.101e-05, eta: 3:10:30, time: 0.052, data_time: 0.001, memory: 145, loss: 0.0464, grad_norm: 10.1893
2022-11-25 06:42:04,172 - mmpose - INFO - Epoch [1][130/325]	lr: 3.226e-05, eta: 3:08:28, time: 0.051, data_time: 0.000, memory: 145, loss: 0.0532, grad_norm: 10.7652
2022-11-25 06:42:04,446 - mmpose - INFO - Epoch [1][135/325]	lr: 3.351e-05, eta: 3:07:00, time: 0.055, data_time: 0.001, memory: 145, loss: 0.0375, grad_norm: 9.2732
2022-11-25 06:42:04,705 - mmpose - INFO - Epoch [1][140/325]	lr: 3.476e-05, eta: 3:05:19, time: 0.052, data_time: 0.000, memory: 145, loss: 0.0386, grad_norm: 8.1379
2022-11-25 06:42:04,968 - mmpose - INFO - Epoch [1][145/325]	lr: 3.601e-05, eta: 3:03:50, time: 0.053, data_time: 0.000, memory: 145, loss: 0.0438, grad_norm: 9.7782
2022-11-25 06:42:05,222 - mmpose - INFO - Epoch [1][150/325]	lr: 3.726e-05, eta: 3:02:16, time: 0.051, data_time: 0.000, memory: 145, loss: 0.0486, grad_norm: 9.5256
2022-11-25 06:42:05,482 - mmpose - INFO - Epoch [1][155/325]	lr: 3.851e-05, eta: 3:00:56, time: 0.052, data_time: 0.000, memory: 145, loss: 0.0439, grad_norm: 9.6179
2022-11-25 06:42:05,744 - mmpose - INFO - Epoch [1][160/325]	lr: 3.976e-05, eta: 2:59:41, time: 0.052, data_time: 0.000, memory: 145, loss: 0.0445, grad_norm: 9.1602
2022-11-25 06:42:06,011 - mmpose - INFO - Epoch [1][165/325]	lr: 4.101e-05, eta: 2:58:37, time: 0.054, data_time: 0.001, memory: 145, loss: 0.0418, grad_norm: 8.7237
2022-11-25 06:42:06,273 - mmpose - INFO - Epoch [1][170/325]	lr: 4.226e-05, eta: 2:57:32, time: 0.052, data_time: 0.000, memory: 145, loss: 0.0419, grad_norm: 8.6078
