2022-10-25 14:15:34,443 - mmpose - INFO - Environment info:
------------------------------------------------------------
sys.platform: win32
Python: 3.8.13 (default, Mar 28 2022, 06:59:08) [MSC v.1916 64 bit (AMD64)]
CUDA available: True
GPU 0: NVIDIA GeForce RTX 2060 SUPER
CUDA_HOME: D:\Cuda116\tooklit
NVCC: Cuda compilation tools, release 11.6, V11.6.112
MSVC: 用于 x64 的 Microsoft (R) C/C++ 优化编译器 19.32.31332 版
GCC: n/a
PyTorch: 1.10.0+cu113
PyTorch compiling details: PyTorch built with:
  - C++ Version: 199711
  - MSVC 192829337
  - Intel(R) Math Kernel Library Version 2020.0.2 Product Build 20200624 for Intel(R) 64 architecture applications
  - Intel(R) MKL-DNN v2.2.3 (Git Hash 7336ca9f055cf1bfa13efb658fe15dc9b41f0740)
  - OpenMP 2019
  - LAPACK is enabled (usually provided by MKL)
  - CPU capability usage: AVX2
  - CUDA Runtime 11.3
  - NVCC architecture flags: -gencode;arch=compute_37,code=sm_37;-gencode;arch=compute_50,code=sm_50;-gencode;arch=compute_60,code=sm_60;-gencode;arch=compute_61,code=sm_61;-gencode;arch=compute_70,code=sm_70;-gencode;arch=compute_75,code=sm_75;-gencode;arch=compute_80,code=sm_80;-gencode;arch=compute_86,code=sm_86;-gencode;arch=compute_37,code=compute_37
  - CuDNN 8.2
  - Magma 2.5.4
  - Build settings: BLAS_INFO=mkl, BUILD_TYPE=Release, CUDA_VERSION=11.3, CUDNN_VERSION=8.2.0, CXX_COMPILER=C:/w/b/windows/tmp_bin/sccache-cl.exe, CXX_FLAGS=/DWIN32 /D_WINDOWS /GR /EHsc /w /bigobj -DUSE_PTHREADPOOL -openmp:experimental -IC:/w/b/windows/mkl/include -DNDEBUG -DUSE_KINETO -DLIBKINETO_NOCUPTI -DUSE_FBGEMM -DUSE_XNNPACK -DSYMBOLICATE_MOBILE_DEBUG_HANDLE -DEDGE_PROFILER_USE_KINETO, LAPACK_INFO=mkl, PERF_WITH_AVX=1, PERF_WITH_AVX2=1, PERF_WITH_AVX512=1, TORCH_VERSION=1.10.0, USE_CUDA=ON, USE_CUDNN=ON, USE_EXCEPTION_PTR=1, USE_GFLAGS=OFF, USE_GLOG=OFF, USE_MKL=ON, USE_MKLDNN=ON, USE_MPI=OFF, USE_NCCL=OFF, USE_NNPACK=OFF, USE_OPENMP=ON, 

TorchVision: 0.11.1+cu113
OpenCV: 4.6.0
MMCV: 1.6.2
MMCV Compiler: MSVC 192829924
MMCV CUDA Compiler: 11.3
MMPose: 0.29.0+97784f6
------------------------------------------------------------

2022-10-25 14:15:34,444 - mmpose - INFO - Distributed training: False
2022-10-25 14:15:34,460 - mmpose - INFO - Config:
checkpoint_config = dict(interval=50)
log_config = dict(interval=5, hooks=[dict(type='TextLoggerHook')])
log_level = 'INFO'
load_from = None
resume_from = None
dist_params = dict(backend='nccl')
workflow = [('train', 1)]
opencv_num_threads = 1
mp_start_method = 'fork'
custom_imports = dict(
    imports=['models', 'datasets'], allow_failed_imports=False)
model = dict(
    type='PFLD',
    backbone=dict(type='PFLDInference'),
    loss_cfg=dict(type='PFLDLoss'))
dataset_type = 'MeterData'
data = dict(
    samples_per_gpu=16,
    workers_per_gpu=2,
    train=dict(
        type='MeterData',
        index_file='D:\gitlab/datasets/table/train_data/list_d.txt',
        transform=True),
    val=dict(
        type='MeterData',
        index_file='D:\gitlab/datasets/table/test_data/list_d.txt',
        transform=False),
    test=dict(
        type='MeterData',
        index_file='D:\gitlab/datasets/table/test_data/list_d.txt',
        transform=False))
evaluation = dict(save_best='loss')
optimizer = dict(type='Adam', lr=0.0001, betas=(0.9, 0.99), weight_decay=1e-06)
optimizer_config = dict(grad_clip=dict(max_norm=35, norm_type=2))
lr_config = dict(
    policy='step',
    warmup='linear',
    warmup_iters=400,
    warmup_ratio=0.0001,
    step=[440, 490])
total_epochs = 500
find_unused_parameters = True
work_dir = './work_dirs\pfld_mv2n_112'
gpu_ids = range(0, 1)

2022-10-25 14:15:34,462 - mmpose - INFO - Set random seed to 1993769176, deterministic: False
2022-10-25 14:15:34,594 - mmpose - INFO - Start running, host: hk@DESKTOP-8L9DT71, work_dir: D:\github\edgelab\work_dirs\pfld_mv2n_112
2022-10-25 14:15:34,594 - mmpose - INFO - Hooks will be executed in the following order:
before_run:
(VERY_HIGH   ) StepLrUpdaterHook                  
(NORMAL      ) CheckpointHook                     
(NORMAL      ) EvalHook                           
(VERY_LOW    ) TextLoggerHook                     
 -------------------- 
before_train_epoch:
(VERY_HIGH   ) StepLrUpdaterHook                  
(NORMAL      ) EvalHook                           
(LOW         ) IterTimerHook                      
(VERY_LOW    ) TextLoggerHook                     
 -------------------- 
before_train_iter:
(VERY_HIGH   ) StepLrUpdaterHook                  
(NORMAL      ) EvalHook                           
(LOW         ) IterTimerHook                      
 -------------------- 
after_train_iter:
(ABOVE_NORMAL) OptimizerHook                      
(NORMAL      ) CheckpointHook                     
(NORMAL      ) EvalHook                           
(LOW         ) IterTimerHook                      
(VERY_LOW    ) TextLoggerHook                     
 -------------------- 
after_train_epoch:
(NORMAL      ) CheckpointHook                     
(NORMAL      ) EvalHook                           
(VERY_LOW    ) TextLoggerHook                     
 -------------------- 
before_val_epoch:
(LOW         ) IterTimerHook                      
(VERY_LOW    ) TextLoggerHook                     
 -------------------- 
before_val_iter:
(LOW         ) IterTimerHook                      
 -------------------- 
after_val_iter:
(LOW         ) IterTimerHook                      
 -------------------- 
after_val_epoch:
(VERY_LOW    ) TextLoggerHook                     
 -------------------- 
after_run:
(VERY_LOW    ) TextLoggerHook                     
 -------------------- 
2022-10-25 14:15:34,595 - mmpose - INFO - workflow: [('train', 1)], max: 500 epochs
2022-10-25 14:15:34,595 - mmpose - INFO - Checkpoints will be saved to D:\github\edgelab\work_dirs\pfld_mv2n_112 by HardDiskBackend.
2022-10-25 14:16:33,051 - mmpose - INFO - Epoch [1][5/325]	lr: 1.010e-06, eta: 21 days, 23:41:40, time: 11.691, data_time: 1.639, memory: 145, loss: 0.8301, grad_norm: 27.4717
2022-10-25 14:16:33,613 - mmpose - INFO - Epoch [1][10/325]	lr: 2.260e-06, eta: 11 days, 2:22:46, time: 0.113, data_time: 0.093, memory: 145, loss: 0.7827, grad_norm: 26.3725
2022-10-25 14:16:34,221 - mmpose - INFO - Epoch [1][15/325]	lr: 3.510e-06, eta: 7 days, 11:24:39, time: 0.122, data_time: 0.100, memory: 145, loss: 0.8245, grad_norm: 30.3978
2022-10-25 14:16:34,911 - mmpose - INFO - Epoch [1][20/325]	lr: 4.760e-06, eta: 5 days, 16:06:25, time: 0.138, data_time: 0.105, memory: 145, loss: 0.7385, grad_norm: 26.1356
2022-10-25 14:16:35,453 - mmpose - INFO - Epoch [1][25/325]	lr: 6.009e-06, eta: 4 days, 13:51:32, time: 0.108, data_time: 0.062, memory: 145, loss: 0.7637, grad_norm: 27.2324
2022-10-25 14:16:36,369 - mmpose - INFO - Epoch [1][30/325]	lr: 7.259e-06, eta: 3 days, 20:55:28, time: 0.183, data_time: 0.136, memory: 145, loss: 0.7387, grad_norm: 27.4079
2022-10-25 14:16:37,097 - mmpose - INFO - Epoch [1][35/325]	lr: 8.509e-06, eta: 3 days, 8:35:03, time: 0.145, data_time: 0.098, memory: 145, loss: 0.7071, grad_norm: 27.1323
2022-10-25 14:16:37,751 - mmpose - INFO - Epoch [1][40/325]	lr: 9.759e-06, eta: 2 days, 23:14:59, time: 0.131, data_time: 0.079, memory: 145, loss: 0.7111, grad_norm: 26.0994
2022-10-25 14:16:38,457 - mmpose - INFO - Epoch [1][45/325]	lr: 1.101e-05, eta: 2 days, 16:02:22, time: 0.141, data_time: 0.115, memory: 145, loss: 0.7316, grad_norm: 26.3492
2022-10-25 14:16:39,085 - mmpose - INFO - Epoch [1][50/325]	lr: 1.226e-05, eta: 2 days, 10:12:02, time: 0.126, data_time: 0.088, memory: 145, loss: 0.5013, grad_norm: 20.6686
2022-10-25 14:16:39,855 - mmpose - INFO - Epoch [1][55/325]	lr: 1.351e-05, eta: 2 days, 5:32:18, time: 0.154, data_time: 0.116, memory: 145, loss: 0.6722, grad_norm: 26.8273
2022-10-25 14:16:40,335 - mmpose - INFO - Epoch [1][60/325]	lr: 1.476e-05, eta: 2 days, 1:26:11, time: 0.096, data_time: 0.060, memory: 145, loss: 0.5744, grad_norm: 24.6668
2022-10-25 14:16:41,274 - mmpose - INFO - Epoch [1][65/325]	lr: 1.601e-05, eta: 1 day, 22:17:03, time: 0.188, data_time: 0.158, memory: 145, loss: 0.4877, grad_norm: 22.3587
2022-10-25 14:16:41,859 - mmpose - INFO - Epoch [1][70/325]	lr: 1.726e-05, eta: 1 day, 19:21:08, time: 0.116, data_time: 0.088, memory: 145, loss: 0.4558, grad_norm: 22.1656
2022-10-25 14:16:42,716 - mmpose - INFO - Epoch [1][75/325]	lr: 1.851e-05, eta: 1 day, 16:58:36, time: 0.171, data_time: 0.122, memory: 145, loss: 0.4816, grad_norm: 23.0403
2022-10-25 14:16:43,481 - mmpose - INFO - Epoch [1][80/325]	lr: 1.976e-05, eta: 1 day, 14:50:45, time: 0.153, data_time: 0.107, memory: 145, loss: 0.4012, grad_norm: 21.3875
2022-10-25 14:16:44,187 - mmpose - INFO - Epoch [1][85/325]	lr: 2.101e-05, eta: 1 day, 12:56:08, time: 0.142, data_time: 0.102, memory: 145, loss: 0.3756, grad_norm: 21.0202
2022-10-25 14:16:45,043 - mmpose - INFO - Epoch [1][90/325]	lr: 2.226e-05, eta: 1 day, 11:18:40, time: 0.171, data_time: 0.142, memory: 145, loss: 0.3019, grad_norm: 19.9745
2022-10-25 14:16:46,087 - mmpose - INFO - Epoch [1][95/325]	lr: 2.351e-05, eta: 1 day, 9:56:45, time: 0.208, data_time: 0.166, memory: 145, loss: 0.2848, grad_norm: 18.0165
2022-10-25 14:16:46,961 - mmpose - INFO - Epoch [1][100/325]	lr: 2.476e-05, eta: 1 day, 8:38:33, time: 0.175, data_time: 0.128, memory: 145, loss: 0.2476, grad_norm: 18.3878
2022-10-25 14:16:48,088 - mmpose - INFO - Epoch [1][105/325]	lr: 2.601e-05, eta: 1 day, 7:34:18, time: 0.226, data_time: 0.178, memory: 145, loss: 0.2532, grad_norm: 18.3054
2022-10-25 14:16:48,665 - mmpose - INFO - Epoch [1][110/325]	lr: 2.726e-05, eta: 1 day, 6:22:22, time: 0.116, data_time: 0.072, memory: 145, loss: 0.2242, grad_norm: 17.0763
2022-10-25 14:16:49,464 - mmpose - INFO - Epoch [1][115/325]	lr: 2.851e-05, eta: 1 day, 5:21:53, time: 0.160, data_time: 0.126, memory: 145, loss: 0.2270, grad_norm: 19.3210
2022-10-25 14:16:49,840 - mmpose - INFO - Epoch [1][120/325]	lr: 2.976e-05, eta: 1 day, 4:16:54, time: 0.075, data_time: 0.052, memory: 145, loss: 0.1977, grad_norm: 16.9667
2022-10-25 14:16:50,812 - mmpose - INFO - Epoch [1][125/325]	lr: 3.101e-05, eta: 1 day, 3:29:57, time: 0.194, data_time: 0.156, memory: 145, loss: 0.1565, grad_norm: 15.3756
2022-10-25 14:16:51,572 - mmpose - INFO - Epoch [1][130/325]	lr: 3.226e-05, eta: 1 day, 2:42:19, time: 0.153, data_time: 0.103, memory: 145, loss: 0.1532, grad_norm: 14.1693
2022-10-25 14:16:52,187 - mmpose - INFO - Epoch [1][135/325]	lr: 3.351e-05, eta: 1 day, 1:55:15, time: 0.123, data_time: 0.077, memory: 145, loss: 0.1575, grad_norm: 14.4729
2022-10-25 14:16:52,946 - mmpose - INFO - Epoch [1][140/325]	lr: 3.476e-05, eta: 1 day, 1:14:19, time: 0.152, data_time: 0.105, memory: 145, loss: 0.1535, grad_norm: 14.4313
2022-10-25 14:16:53,815 - mmpose - INFO - Epoch [1][145/325]	lr: 3.601e-05, eta: 1 day, 0:38:17, time: 0.174, data_time: 0.129, memory: 145, loss: 0.1523, grad_norm: 15.3457
2022-10-25 14:16:54,857 - mmpose - INFO - Epoch [1][150/325]	lr: 3.726e-05, eta: 1 day, 0:07:46, time: 0.208, data_time: 0.159, memory: 145, loss: 0.1649, grad_norm: 15.4531
2022-10-25 14:16:55,355 - mmpose - INFO - Epoch [1][155/325]	lr: 3.851e-05, eta: 23:29:42, time: 0.099, data_time: 0.053, memory: 145, loss: 0.1606, grad_norm: 15.6622
2022-10-25 14:16:56,227 - mmpose - INFO - Epoch [1][160/325]	lr: 3.976e-05, eta: 23:00:20, time: 0.174, data_time: 0.129, memory: 145, loss: 0.1623, grad_norm: 15.2103
2022-10-25 14:16:56,873 - mmpose - INFO - Epoch [1][165/325]	lr: 4.101e-05, eta: 22:29:03, time: 0.129, data_time: 0.083, memory: 145, loss: 0.1472, grad_norm: 14.5232
2022-10-25 14:16:57,898 - mmpose - INFO - Epoch [1][170/325]	lr: 4.226e-05, eta: 22:05:38, time: 0.205, data_time: 0.158, memory: 145, loss: 0.1677, grad_norm: 16.0940
2022-10-25 14:16:58,436 - mmpose - INFO - Epoch [1][175/325]	lr: 4.351e-05, eta: 21:36:03, time: 0.108, data_time: 0.068, memory: 145, loss: 0.1678, grad_norm: 15.5712
2022-10-25 14:16:59,305 - mmpose - INFO - Epoch [1][180/325]	lr: 4.476e-05, eta: 21:13:05, time: 0.174, data_time: 0.144, memory: 145, loss: 0.1675, grad_norm: 15.3033
2022-10-25 14:17:00,148 - mmpose - INFO - Epoch [1][185/325]	lr: 4.601e-05, eta: 20:50:54, time: 0.168, data_time: 0.140, memory: 145, loss: 0.1439, grad_norm: 13.9332
2022-10-25 14:17:00,826 - mmpose - INFO - Epoch [1][190/325]	lr: 4.726e-05, eta: 20:27:37, time: 0.136, data_time: 0.088, memory: 145, loss: 0.1404, grad_norm: 13.2504
2022-10-25 14:17:01,427 - mmpose - INFO - Epoch [1][195/325]	lr: 4.851e-05, eta: 20:04:26, time: 0.120, data_time: 0.073, memory: 145, loss: 0.1563, grad_norm: 15.4391
2022-10-25 14:17:01,755 - mmpose - INFO - Epoch [1][200/325]	lr: 4.976e-05, eta: 19:38:46, time: 0.066, data_time: 0.030, memory: 145, loss: 0.1405, grad_norm: 14.0680
2022-10-25 14:17:02,333 - mmpose - INFO - Epoch [1][205/325]	lr: 5.100e-05, eta: 19:17:35, time: 0.115, data_time: 0.091, memory: 145, loss: 0.1472, grad_norm: 14.2795
2022-10-25 14:17:03,054 - mmpose - INFO - Epoch [1][210/325]	lr: 5.225e-05, eta: 18:59:17, time: 0.144, data_time: 0.121, memory: 145, loss: 0.1512, grad_norm: 14.1168
2022-10-25 14:17:03,469 - mmpose - INFO - Epoch [1][215/325]	lr: 5.350e-05, eta: 18:37:58, time: 0.083, data_time: 0.060, memory: 145, loss: 0.1468, grad_norm: 13.8707
2022-10-25 14:17:04,166 - mmpose - INFO - Epoch [1][220/325]	lr: 5.475e-05, eta: 18:21:05, time: 0.139, data_time: 0.091, memory: 145, loss: 0.1478, grad_norm: 13.9950
2022-10-25 14:17:04,709 - mmpose - INFO - Epoch [1][225/325]	lr: 5.600e-05, eta: 18:03:08, time: 0.109, data_time: 0.074, memory: 145, loss: 0.1529, grad_norm: 13.6461
2022-10-25 14:17:05,538 - mmpose - INFO - Epoch [1][230/325]	lr: 5.725e-05, eta: 17:49:17, time: 0.166, data_time: 0.133, memory: 145, loss: 0.1452, grad_norm: 14.2008
2022-10-25 14:17:06,182 - mmpose - INFO - Epoch [1][235/325]	lr: 5.850e-05, eta: 17:33:54, time: 0.128, data_time: 0.092, memory: 145, loss: 0.1612, grad_norm: 14.5549
2022-10-25 14:17:06,861 - mmpose - INFO - Epoch [1][240/325]	lr: 5.975e-05, eta: 17:19:34, time: 0.136, data_time: 0.089, memory: 145, loss: 0.1478, grad_norm: 14.1905
2022-10-25 14:17:07,612 - mmpose - INFO - Epoch [1][245/325]	lr: 6.100e-05, eta: 17:06:38, time: 0.150, data_time: 0.103, memory: 145, loss: 0.1452, grad_norm: 13.6162
2022-10-25 14:17:08,351 - mmpose - INFO - Epoch [1][250/325]	lr: 6.225e-05, eta: 16:54:02, time: 0.147, data_time: 0.103, memory: 145, loss: 0.1471, grad_norm: 14.7076
2022-10-25 14:17:09,099 - mmpose - INFO - Epoch [1][255/325]	lr: 6.350e-05, eta: 16:42:05, time: 0.150, data_time: 0.107, memory: 145, loss: 0.1331, grad_norm: 13.1817
2022-10-25 14:17:09,812 - mmpose - INFO - Epoch [1][260/325]	lr: 6.475e-05, eta: 16:30:12, time: 0.143, data_time: 0.115, memory: 145, loss: 0.1171, grad_norm: 11.9248
2022-10-25 14:17:10,498 - mmpose - INFO - Epoch [1][265/325]	lr: 6.600e-05, eta: 16:18:29, time: 0.137, data_time: 0.113, memory: 145, loss: 0.1610, grad_norm: 13.9307
2022-10-25 14:17:10,915 - mmpose - INFO - Epoch [1][270/325]	lr: 6.725e-05, eta: 16:04:30, time: 0.083, data_time: 0.061, memory: 145, loss: 0.1390, grad_norm: 14.1120
2022-10-25 14:17:11,966 - mmpose - INFO - Epoch [1][275/325]	lr: 6.850e-05, eta: 15:57:15, time: 0.210, data_time: 0.160, memory: 145, loss: 0.1539, grad_norm: 15.1260
2022-10-25 14:17:12,679 - mmpose - INFO - Epoch [1][280/325]	lr: 6.975e-05, eta: 15:46:59, time: 0.142, data_time: 0.092, memory: 145, loss: 0.1488, grad_norm: 14.2970
2022-10-25 14:17:13,205 - mmpose - INFO - Epoch [1][285/325]	lr: 7.100e-05, eta: 15:35:22, time: 0.106, data_time: 0.068, memory: 145, loss: 0.1450, grad_norm: 13.4178
2022-10-25 14:17:13,821 - mmpose - INFO - Epoch [1][290/325]	lr: 7.225e-05, eta: 15:24:57, time: 0.123, data_time: 0.096, memory: 145, loss: 0.1413, grad_norm: 13.5878
2022-10-25 14:17:14,584 - mmpose - INFO - Epoch [1][295/325]	lr: 7.350e-05, eta: 15:16:14, time: 0.153, data_time: 0.126, memory: 145, loss: 0.1467, grad_norm: 14.4651
2022-10-25 14:17:15,185 - mmpose - INFO - Epoch [1][300/325]	lr: 7.475e-05, eta: 15:06:19, time: 0.119, data_time: 0.078, memory: 145, loss: 0.1532, grad_norm: 13.6364
2022-10-25 14:17:16,086 - mmpose - INFO - Epoch [1][305/325]	lr: 7.600e-05, eta: 14:59:26, time: 0.181, data_time: 0.132, memory: 145, loss: 0.1416, grad_norm: 13.5956
2022-10-25 14:17:16,707 - mmpose - INFO - Epoch [1][310/325]	lr: 7.725e-05, eta: 14:50:20, time: 0.124, data_time: 0.092, memory: 145, loss: 0.1389, grad_norm: 13.1102
2022-10-25 14:17:17,468 - mmpose - INFO - Epoch [1][315/325]	lr: 7.850e-05, eta: 14:42:42, time: 0.152, data_time: 0.126, memory: 145, loss: 0.1432, grad_norm: 12.9575
2022-10-25 14:17:18,048 - mmpose - INFO - Epoch [1][320/325]	lr: 7.975e-05, eta: 14:33:45, time: 0.115, data_time: 0.081, memory: 145, loss: 0.1476, grad_norm: 12.7350
2022-10-25 14:17:18,700 - mmpose - INFO - Epoch [1][325/325]	lr: 8.100e-05, eta: 14:25:43, time: 0.131, data_time: 0.080, memory: 145, loss: 0.1352, grad_norm: 12.1239
2022-10-25 14:17:34,990 - mmpose - INFO - Now best checkpoint is saved as best_loss_epoch_1.pth.
2022-10-25 14:17:34,990 - mmpose - INFO - Best loss is 0.1508 at 1 epoch.
2022-10-25 14:17:34,991 - mmpose - INFO - Epoch(val) [1][960]	loss: 0.1508
2022-10-25 14:17:47,957 - mmpose - INFO - Epoch [2][5/325]	lr: 8.225e-05, eta: 15:58:45, time: 2.593, data_time: 2.504, memory: 145, loss: 0.1371, grad_norm: 12.8808
2022-10-25 14:17:48,637 - mmpose - INFO - Epoch [2][10/325]	lr: 8.350e-05, eta: 15:49:54, time: 0.136, data_time: 0.108, memory: 145, loss: 0.1413, grad_norm: 13.4276
2022-10-25 14:17:49,172 - mmpose - INFO - Epoch [2][15/325]	lr: 8.475e-05, eta: 15:40:09, time: 0.107, data_time: 0.080, memory: 145, loss: 0.1468, grad_norm: 12.7806
2022-10-25 14:17:49,915 - mmpose - INFO - Epoch [2][20/325]	lr: 8.600e-05, eta: 15:32:18, time: 0.148, data_time: 0.112, memory: 145, loss: 0.1451, grad_norm: 13.1636
2022-10-25 14:17:50,407 - mmpose - INFO - Epoch [2][25/325]	lr: 8.725e-05, eta: 15:22:46, time: 0.099, data_time: 0.064, memory: 145, loss: 0.1412, grad_norm: 12.5800
2022-10-25 14:17:51,356 - mmpose - INFO - Epoch [2][30/325]	lr: 8.850e-05, eta: 15:16:58, time: 0.190, data_time: 0.158, memory: 145, loss: 0.1457, grad_norm: 11.8270
2022-10-25 14:17:51,985 - mmpose - INFO - Epoch [2][35/325]	lr: 8.975e-05, eta: 15:08:54, time: 0.125, data_time: 0.095, memory: 145, loss: 0.1428, grad_norm: 12.5323
2022-10-25 14:17:52,671 - mmpose - INFO - Epoch [2][40/325]	lr: 9.100e-05, eta: 15:01:31, time: 0.138, data_time: 0.089, memory: 145, loss: 0.1500, grad_norm: 12.5065
2022-10-25 14:17:53,285 - mmpose - INFO - Epoch [2][45/325]	lr: 9.225e-05, eta: 14:53:47, time: 0.123, data_time: 0.076, memory: 145, loss: 0.1426, grad_norm: 12.3988
2022-10-25 14:17:53,888 - mmpose - INFO - Epoch [2][50/325]	lr: 9.350e-05, eta: 14:46:12, time: 0.121, data_time: 0.074, memory: 145, loss: 0.1412, grad_norm: 11.6405
2022-10-25 14:17:54,638 - mmpose - INFO - Epoch [2][55/325]	lr: 9.475e-05, eta: 14:39:51, time: 0.150, data_time: 0.102, memory: 145, loss: 0.1361, grad_norm: 11.8435
2022-10-25 14:17:55,060 - mmpose - INFO - Epoch [2][60/325]	lr: 9.600e-05, eta: 14:31:22, time: 0.085, data_time: 0.053, memory: 145, loss: 0.1389, grad_norm: 11.4004
2022-10-25 14:17:55,948 - mmpose - INFO - Epoch [2][65/325]	lr: 9.725e-05, eta: 14:26:19, time: 0.178, data_time: 0.147, memory: 145, loss: 0.1446, grad_norm: 12.0794
2022-10-25 14:17:56,574 - mmpose - INFO - Epoch [2][70/325]	lr: 9.850e-05, eta: 14:19:36, time: 0.125, data_time: 0.096, memory: 145, loss: 0.1369, grad_norm: 11.8574
2022-10-25 14:17:57,418 - mmpose - INFO - Epoch [2][75/325]	lr: 9.975e-05, eta: 14:14:31, time: 0.168, data_time: 0.121, memory: 145, loss: 0.1440, grad_norm: 11.9310
2022-10-25 14:17:58,122 - mmpose - INFO - Epoch [2][80/325]	lr: 1.000e-04, eta: 14:08:38, time: 0.141, data_time: 0.095, memory: 145, loss: 0.1372, grad_norm: 10.9229
2022-10-25 14:17:58,776 - mmpose - INFO - Epoch [2][85/325]	lr: 1.000e-04, eta: 14:02:35, time: 0.131, data_time: 0.105, memory: 145, loss: 0.1399, grad_norm: 12.7380
2022-10-25 14:17:59,566 - mmpose - INFO - Epoch [2][90/325]	lr: 1.000e-04, eta: 13:57:33, time: 0.158, data_time: 0.127, memory: 145, loss: 0.1339, grad_norm: 11.8719
2022-10-25 14:18:00,479 - mmpose - INFO - Epoch [2][95/325]	lr: 1.000e-04, eta: 13:53:25, time: 0.182, data_time: 0.144, memory: 145, loss: 0.1387, grad_norm: 11.7867
2022-10-25 14:18:01,274 - mmpose - INFO - Epoch [2][100/325]	lr: 1.000e-04, eta: 13:48:38, time: 0.159, data_time: 0.112, memory: 145, loss: 0.1433, grad_norm: 12.4153
2022-10-25 14:18:02,382 - mmpose - INFO - Epoch [2][105/325]	lr: 1.000e-04, eta: 13:45:56, time: 0.221, data_time: 0.173, memory: 145, loss: 0.1611, grad_norm: 12.9012
2022-10-25 14:18:02,908 - mmpose - INFO - Epoch [2][110/325]	lr: 1.000e-04, eta: 13:39:41, time: 0.106, data_time: 0.059, memory: 145, loss: 0.1300, grad_norm: 11.7469
2022-10-25 14:18:03,640 - mmpose - INFO - Epoch [2][115/325]	lr: 1.000e-04, eta: 13:34:51, time: 0.146, data_time: 0.103, memory: 145, loss: 0.1221, grad_norm: 10.9938
2022-10-25 14:18:04,017 - mmpose - INFO - Epoch [2][120/325]	lr: 1.000e-04, eta: 13:27:57, time: 0.075, data_time: 0.037, memory: 145, loss: 0.1329, grad_norm: 11.0709
2022-10-25 14:18:04,934 - mmpose - INFO - Epoch [2][125/325]	lr: 1.000e-04, eta: 13:24:28, time: 0.184, data_time: 0.156, memory: 145, loss: 0.1372, grad_norm: 12.1841
2022-10-25 14:18:05,668 - mmpose - INFO - Epoch [2][130/325]	lr: 1.000e-04, eta: 13:19:56, time: 0.146, data_time: 0.117, memory: 145, loss: 0.1403, grad_norm: 11.6370
2022-10-25 14:18:06,222 - mmpose - INFO - Epoch [2][135/325]	lr: 1.000e-04, eta: 13:14:29, time: 0.111, data_time: 0.065, memory: 145, loss: 0.1368, grad_norm: 11.8747
2022-10-25 14:18:06,986 - mmpose - INFO - Epoch [2][140/325]	lr: 1.000e-04, eta: 13:10:21, time: 0.153, data_time: 0.124, memory: 145, loss: 0.1389, grad_norm: 11.6150
2022-10-25 14:18:07,843 - mmpose - INFO - Epoch [2][145/325]	lr: 1.000e-04, eta: 13:06:50, time: 0.171, data_time: 0.140, memory: 145, loss: 0.1451, grad_norm: 11.7516
2022-10-25 14:18:08,833 - mmpose - INFO - Epoch [2][150/325]	lr: 1.000e-04, eta: 13:04:09, time: 0.198, data_time: 0.148, memory: 145, loss: 0.1344, grad_norm: 11.5189
2022-10-25 14:18:09,298 - mmpose - INFO - Epoch [2][155/325]	lr: 1.000e-04, eta: 12:58:35, time: 0.093, data_time: 0.048, memory: 145, loss: 0.1385, grad_norm: 11.6569
2022-10-25 14:18:10,142 - mmpose - INFO - Epoch [2][160/325]	lr: 1.000e-04, eta: 12:55:14, time: 0.169, data_time: 0.124, memory: 145, loss: 0.1273, grad_norm: 11.2344
2022-10-25 14:18:10,789 - mmpose - INFO - Epoch [2][165/325]	lr: 1.000e-04, eta: 12:50:51, time: 0.129, data_time: 0.084, memory: 145, loss: 0.1503, grad_norm: 12.0965
2022-10-25 14:18:11,712 - mmpose - INFO - Epoch [2][170/325]	lr: 1.000e-04, eta: 12:48:05, time: 0.185, data_time: 0.138, memory: 145, loss: 0.1295, grad_norm: 11.1927
2022-10-25 14:18:12,251 - mmpose - INFO - Epoch [2][175/325]	lr: 1.000e-04, eta: 12:43:17, time: 0.108, data_time: 0.063, memory: 145, loss: 0.1324, grad_norm: 11.0757
2022-10-25 14:18:13,108 - mmpose - INFO - Epoch [2][180/325]	lr: 1.000e-04, eta: 12:40:17, time: 0.172, data_time: 0.123, memory: 145, loss: 0.1349, grad_norm: 11.2273
2022-10-25 14:18:13,876 - mmpose - INFO - Epoch [2][185/325]	lr: 1.000e-04, eta: 12:36:53, time: 0.154, data_time: 0.085, memory: 145, loss: 0.1383, grad_norm: 10.3152
2022-10-25 14:18:14,444 - mmpose - INFO - Epoch [2][190/325]	lr: 1.000e-04, eta: 12:32:30, time: 0.114, data_time: 0.086, memory: 145, loss: 0.1402, grad_norm: 11.4293
2022-10-25 14:18:15,062 - mmpose - INFO - Epoch [2][195/325]	lr: 1.000e-04, eta: 12:28:26, time: 0.123, data_time: 0.090, memory: 145, loss: 0.1386, grad_norm: 10.8053
2022-10-25 14:18:15,515 - mmpose - INFO - Epoch [2][200/325]	lr: 1.000e-04, eta: 12:23:37, time: 0.091, data_time: 0.065, memory: 145, loss: 0.1348, grad_norm: 10.8290
2022-10-25 14:18:15,971 - mmpose - INFO - Epoch [2][205/325]	lr: 1.000e-04, eta: 12:18:54, time: 0.091, data_time: 0.056, memory: 145, loss: 0.1482, grad_norm: 11.3332
2022-10-25 14:18:16,806 - mmpose - INFO - Epoch [2][210/325]	lr: 1.000e-04, eta: 12:16:11, time: 0.167, data_time: 0.123, memory: 145, loss: 0.1416, grad_norm: 11.6376
2022-10-25 14:18:17,270 - mmpose - INFO - Epoch [2][215/325]	lr: 1.000e-04, eta: 12:11:40, time: 0.093, data_time: 0.048, memory: 145, loss: 0.1408, grad_norm: 11.6053
2022-10-25 14:18:17,890 - mmpose - INFO - Epoch [2][220/325]	lr: 1.000e-04, eta: 12:08:00, time: 0.124, data_time: 0.080, memory: 145, loss: 0.1400, grad_norm: 10.8861
2022-10-25 14:18:18,346 - mmpose - INFO - Epoch [2][225/325]	lr: 1.000e-04, eta: 12:03:36, time: 0.091, data_time: 0.059, memory: 145, loss: 0.1354, grad_norm: 10.3879
2022-10-25 14:18:19,159 - mmpose - INFO - Epoch [2][230/325]	lr: 1.000e-04, eta: 12:01:01, time: 0.163, data_time: 0.133, memory: 145, loss: 0.1371, grad_norm: 10.9495
2022-10-25 14:18:19,767 - mmpose - INFO - Epoch [2][235/325]	lr: 1.000e-04, eta: 11:57:29, time: 0.122, data_time: 0.094, memory: 145, loss: 0.1273, grad_norm: 10.6295
2022-10-25 14:18:20,457 - mmpose - INFO - Epoch [2][240/325]	lr: 1.000e-04, eta: 11:54:23, time: 0.137, data_time: 0.095, memory: 145, loss: 0.1317, grad_norm: 10.6808
2022-10-25 14:18:21,124 - mmpose - INFO - Epoch [2][245/325]	lr: 1.000e-04, eta: 11:51:17, time: 0.134, data_time: 0.095, memory: 145, loss: 0.1383, grad_norm: 10.7101
2022-10-25 14:18:21,820 - mmpose - INFO - Epoch [2][250/325]	lr: 1.000e-04, eta: 11:48:20, time: 0.139, data_time: 0.111, memory: 145, loss: 0.1463, grad_norm: 11.0155
2022-10-25 14:18:22,559 - mmpose - INFO - Epoch [2][255/325]	lr: 1.000e-04, eta: 11:45:39, time: 0.148, data_time: 0.119, memory: 145, loss: 0.1387, grad_norm: 10.6179
2022-10-25 14:18:23,314 - mmpose - INFO - Epoch [2][260/325]	lr: 1.000e-04, eta: 11:43:04, time: 0.151, data_time: 0.106, memory: 145, loss: 0.1236, grad_norm: 9.8587
2022-10-25 14:18:24,026 - mmpose - INFO - Epoch [2][265/325]	lr: 1.000e-04, eta: 11:40:21, time: 0.143, data_time: 0.094, memory: 145, loss: 0.1392, grad_norm: 10.4242
2022-10-25 14:18:24,536 - mmpose - INFO - Epoch [2][270/325]	lr: 1.000e-04, eta: 11:36:45, time: 0.102, data_time: 0.053, memory: 145, loss: 0.1271, grad_norm: 9.7301
2022-10-25 14:18:25,489 - mmpose - INFO - Epoch [2][275/325]	lr: 1.000e-04, eta: 11:35:13, time: 0.191, data_time: 0.144, memory: 145, loss: 0.1403, grad_norm: 10.5851
2022-10-25 14:18:26,120 - mmpose - INFO - Epoch [2][280/325]	lr: 1.000e-04, eta: 11:32:15, time: 0.126, data_time: 0.079, memory: 145, loss: 0.1311, grad_norm: 10.3195
2022-10-25 14:18:26,615 - mmpose - INFO - Epoch [2][285/325]	lr: 1.000e-04, eta: 11:28:46, time: 0.100, data_time: 0.063, memory: 145, loss: 0.1503, grad_norm: 11.1794
2022-10-25 14:18:27,150 - mmpose - INFO - Epoch [2][290/325]	lr: 1.000e-04, eta: 11:25:29, time: 0.107, data_time: 0.080, memory: 145, loss: 0.1359, grad_norm: 9.8629
2022-10-25 14:18:27,874 - mmpose - INFO - Epoch [2][295/325]	lr: 1.000e-04, eta: 11:23:05, time: 0.145, data_time: 0.116, memory: 145, loss: 0.1456, grad_norm: 10.4976
2022-10-25 14:18:28,413 - mmpose - INFO - Epoch [2][300/325]	lr: 1.000e-04, eta: 11:19:55, time: 0.107, data_time: 0.069, memory: 145, loss: 0.1395, grad_norm: 9.9842
2022-10-25 14:18:29,218 - mmpose - INFO - Epoch [2][305/325]	lr: 1.000e-04, eta: 11:17:57, time: 0.161, data_time: 0.110, memory: 145, loss: 0.1371, grad_norm: 11.0117
2022-10-25 14:18:29,882 - mmpose - INFO - Epoch [2][310/325]	lr: 1.000e-04, eta: 11:15:24, time: 0.133, data_time: 0.087, memory: 145, loss: 0.1373, grad_norm: 10.7788
2022-10-25 14:18:30,571 - mmpose - INFO - Epoch [2][315/325]	lr: 1.000e-04, eta: 11:13:01, time: 0.138, data_time: 0.093, memory: 145, loss: 0.1293, grad_norm: 9.6820
2022-10-25 14:18:31,079 - mmpose - INFO - Epoch [2][320/325]	lr: 1.000e-04, eta: 11:09:54, time: 0.102, data_time: 0.057, memory: 145, loss: 0.1335, grad_norm: 10.0591
2022-10-25 14:18:31,652 - mmpose - INFO - Epoch [2][325/325]	lr: 1.000e-04, eta: 11:07:07, time: 0.114, data_time: 0.071, memory: 145, loss: 0.1218, grad_norm: 9.1204
2022-10-25 14:18:47,821 - mmpose - INFO - The previous best checkpoint D:\github\edgelab\work_dirs\pfld_mv2n_112\best_loss_epoch_1.pth was removed
2022-10-25 14:18:47,852 - mmpose - INFO - Now best checkpoint is saved as best_loss_epoch_2.pth.
2022-10-25 14:18:47,872 - mmpose - INFO - Best loss is 0.1431 at 2 epoch.
2022-10-25 14:18:47,873 - mmpose - INFO - Epoch(val) [2][960]	loss: 0.1431
2022-10-25 14:19:00,845 - mmpose - INFO - Epoch [3][5/325]	lr: 1.000e-04, eta: 11:55:25, time: 2.594, data_time: 2.504, memory: 145, loss: 0.1418, grad_norm: 10.3344
2022-10-25 14:19:01,477 - mmpose - INFO - Epoch [3][10/325]	lr: 1.000e-04, eta: 11:52:33, time: 0.126, data_time: 0.099, memory: 145, loss: 0.1411, grad_norm: 10.0045
2022-10-25 14:19:01,965 - mmpose - INFO - Epoch [3][15/325]	lr: 1.000e-04, eta: 11:49:09, time: 0.098, data_time: 0.069, memory: 145, loss: 0.1314, grad_norm: 9.7732
2022-10-25 14:19:02,675 - mmpose - INFO - Epoch [3][20/325]	lr: 1.000e-04, eta: 11:46:42, time: 0.142, data_time: 0.112, memory: 145, loss: 0.1445, grad_norm: 10.0987
2022-10-25 14:19:03,205 - mmpose - INFO - Epoch [3][25/325]	lr: 1.000e-04, eta: 11:43:33, time: 0.106, data_time: 0.059, memory: 145, loss: 0.1491, grad_norm: 10.7352
