2022-10-25 14:13:59,713 - mmpose - INFO - Environment info:
------------------------------------------------------------
sys.platform: win32
Python: 3.8.13 (default, Mar 28 2022, 06:59:08) [MSC v.1916 64 bit (AMD64)]
CUDA available: True
GPU 0: NVIDIA GeForce RTX 2060 SUPER
CUDA_HOME: D:\Cuda116\tooklit
NVCC: Cuda compilation tools, release 11.6, V11.6.112
MSVC: 用于 x64 的 Microsoft (R) C/C++ 优化编译器 19.32.31332 版
GCC: n/a
PyTorch: 1.10.0+cu113
PyTorch compiling details: PyTorch built with:
  - C++ Version: 199711
  - MSVC 192829337
  - Intel(R) Math Kernel Library Version 2020.0.2 Product Build 20200624 for Intel(R) 64 architecture applications
  - Intel(R) MKL-DNN v2.2.3 (Git Hash 7336ca9f055cf1bfa13efb658fe15dc9b41f0740)
  - OpenMP 2019
  - LAPACK is enabled (usually provided by MKL)
  - CPU capability usage: AVX2
  - CUDA Runtime 11.3
  - NVCC architecture flags: -gencode;arch=compute_37,code=sm_37;-gencode;arch=compute_50,code=sm_50;-gencode;arch=compute_60,code=sm_60;-gencode;arch=compute_61,code=sm_61;-gencode;arch=compute_70,code=sm_70;-gencode;arch=compute_75,code=sm_75;-gencode;arch=compute_80,code=sm_80;-gencode;arch=compute_86,code=sm_86;-gencode;arch=compute_37,code=compute_37
  - CuDNN 8.2
  - Magma 2.5.4
  - Build settings: BLAS_INFO=mkl, BUILD_TYPE=Release, CUDA_VERSION=11.3, CUDNN_VERSION=8.2.0, CXX_COMPILER=C:/w/b/windows/tmp_bin/sccache-cl.exe, CXX_FLAGS=/DWIN32 /D_WINDOWS /GR /EHsc /w /bigobj -DUSE_PTHREADPOOL -openmp:experimental -IC:/w/b/windows/mkl/include -DNDEBUG -DUSE_KINETO -DLIBKINETO_NOCUPTI -DUSE_FBGEMM -DUSE_XNNPACK -DSYMBOLICATE_MOBILE_DEBUG_HANDLE -DEDGE_PROFILER_USE_KINETO, LAPACK_INFO=mkl, PERF_WITH_AVX=1, PERF_WITH_AVX2=1, PERF_WITH_AVX512=1, TORCH_VERSION=1.10.0, USE_CUDA=ON, USE_CUDNN=ON, USE_EXCEPTION_PTR=1, USE_GFLAGS=OFF, USE_GLOG=OFF, USE_MKL=ON, USE_MKLDNN=ON, USE_MPI=OFF, USE_NCCL=OFF, USE_NNPACK=OFF, USE_OPENMP=ON, 

TorchVision: 0.11.1+cu113
OpenCV: 4.6.0
MMCV: 1.6.2
MMCV Compiler: MSVC 192829924
MMCV CUDA Compiler: 11.3
MMPose: 0.29.0+97784f6
------------------------------------------------------------

2022-10-25 14:13:59,714 - mmpose - INFO - Distributed training: False
2022-10-25 14:13:59,730 - mmpose - INFO - Config:
checkpoint_config = dict(interval=50)
log_config = dict(interval=5, hooks=[dict(type='TextLoggerHook')])
log_level = 'INFO'
load_from = None
resume_from = None
dist_params = dict(backend='nccl')
workflow = [('train', 1)]
opencv_num_threads = 1
mp_start_method = 'fork'
custom_imports = dict(
    imports=['models', 'datasets'], allow_failed_imports=False)
model = dict(
    type='PFLD',
    backbone=dict(type='PFLDInference'),
    loss_cfg=dict(type='PFLDLoss'))
dataset_type = 'MeterData'
data = dict(
    samples_per_gpu=16,
    workers_per_gpu=2,
    train=dict(
        type='MeterData',
        index_file='D:\gitlab/datasets/table/train_data/list_d.txt',
        transform=True),
    val=dict(
        type='MeterData',
        index_file='D:\gitlab/datasets/table/test_data/list_d.txt',
        transform=False),
    test=dict(
        type='MeterData',
        index_file='D:\gitlab/datasets/table/test_data/list_d.txt',
        transform=False))
evaluation = dict(save_best='loss')
optimizer = dict(type='Adam', lr=0.0001, betas=(0.9, 0.99), weight_decay=1e-06)
optimizer_config = dict(grad_clip=dict(max_norm=35, norm_type=2))
lr_config = dict(
    policy='step',
    warmup='linear',
    warmup_iters=400,
    warmup_ratio=0.0001,
    step=[440, 490])
total_epochs = 500
find_unused_parameters = True
work_dir = './work_dirs\pfld_mv2n_112'
gpu_ids = range(0, 1)

2022-10-25 14:13:59,732 - mmpose - INFO - Set random seed to 1940520649, deterministic: False
2022-10-25 14:13:59,887 - mmpose - INFO - Start running, host: hk@DESKTOP-8L9DT71, work_dir: D:\github\edgelab\work_dirs\pfld_mv2n_112
2022-10-25 14:13:59,887 - mmpose - INFO - Hooks will be executed in the following order:
before_run:
(VERY_HIGH   ) StepLrUpdaterHook                  
(NORMAL      ) CheckpointHook                     
(NORMAL      ) EvalHook                           
(VERY_LOW    ) TextLoggerHook                     
 -------------------- 
before_train_epoch:
(VERY_HIGH   ) StepLrUpdaterHook                  
(NORMAL      ) EvalHook                           
(LOW         ) IterTimerHook                      
(VERY_LOW    ) TextLoggerHook                     
 -------------------- 
before_train_iter:
(VERY_HIGH   ) StepLrUpdaterHook                  
(NORMAL      ) EvalHook                           
(LOW         ) IterTimerHook                      
 -------------------- 
after_train_iter:
(ABOVE_NORMAL) OptimizerHook                      
(NORMAL      ) CheckpointHook                     
(NORMAL      ) EvalHook                           
(LOW         ) IterTimerHook                      
(VERY_LOW    ) TextLoggerHook                     
 -------------------- 
after_train_epoch:
(NORMAL      ) CheckpointHook                     
(NORMAL      ) EvalHook                           
(VERY_LOW    ) TextLoggerHook                     
 -------------------- 
before_val_epoch:
(LOW         ) IterTimerHook                      
(VERY_LOW    ) TextLoggerHook                     
 -------------------- 
before_val_iter:
(LOW         ) IterTimerHook                      
 -------------------- 
after_val_iter:
(LOW         ) IterTimerHook                      
 -------------------- 
after_val_epoch:
(VERY_LOW    ) TextLoggerHook                     
 -------------------- 
after_run:
(VERY_LOW    ) TextLoggerHook                     
 -------------------- 
2022-10-25 14:13:59,888 - mmpose - INFO - workflow: [('train', 1)], max: 500 epochs
2022-10-25 14:13:59,888 - mmpose - INFO - Checkpoints will be saved to D:\github\edgelab\work_dirs\pfld_mv2n_112 by HardDiskBackend.
