2022-11-25 06:30:10,295 - mmpose - INFO - Environment info:
------------------------------------------------------------
sys.platform: linux
Python: 3.8.13 (default, Mar 28 2022, 11:38:47) [GCC 7.5.0]
CUDA available: True
GPU 0: NVIDIA A100-PCIE-40GB
CUDA_HOME: /usr
NVCC: Cuda compilation tools, release 10.1, V10.1.24
GCC: gcc (Ubuntu 9.4.0-1ubuntu1~20.04.1) 9.4.0
PyTorch: 1.11.0+cu113
PyTorch compiling details: PyTorch built with:
  - GCC 7.3
  - C++ Version: 201402
  - Intel(R) Math Kernel Library Version 2020.0.0 Product Build 20191122 for Intel(R) 64 architecture applications
  - Intel(R) MKL-DNN v2.5.2 (Git Hash a9302535553c73243c632ad3c4c80beec3d19a1e)
  - OpenMP 201511 (a.k.a. OpenMP 4.5)
  - LAPACK is enabled (usually provided by MKL)
  - NNPACK is enabled
  - CPU capability usage: AVX2
  - CUDA Runtime 11.3
  - NVCC architecture flags: -gencode;arch=compute_37,code=sm_37;-gencode;arch=compute_50,code=sm_50;-gencode;arch=compute_60,code=sm_60;-gencode;arch=compute_70,code=sm_70;-gencode;arch=compute_75,code=sm_75;-gencode;arch=compute_80,code=sm_80;-gencode;arch=compute_86,code=sm_86
  - CuDNN 8.2
  - Magma 2.5.2
  - Build settings: BLAS_INFO=mkl, BUILD_TYPE=Release, CUDA_VERSION=11.3, CUDNN_VERSION=8.2.0, CXX_COMPILER=/opt/rh/devtoolset-7/root/usr/bin/c++, CXX_FLAGS= -Wno-deprecated -fvisibility-inlines-hidden -DUSE_PTHREADPOOL -fopenmp -DNDEBUG -DUSE_KINETO -DUSE_FBGEMM -DUSE_QNNPACK -DUSE_PYTORCH_QNNPACK -DUSE_XNNPACK -DSYMBOLICATE_MOBILE_DEBUG_HANDLE -DEDGE_PROFILER_USE_KINETO -O2 -fPIC -Wno-narrowing -Wall -Wextra -Werror=return-type -Wno-missing-field-initializers -Wno-type-limits -Wno-array-bounds -Wno-unknown-pragmas -Wno-sign-compare -Wno-unused-parameter -Wno-unused-function -Wno-unused-result -Wno-unused-local-typedefs -Wno-strict-overflow -Wno-strict-aliasing -Wno-error=deprecated-declarations -Wno-stringop-overflow -Wno-psabi -Wno-error=pedantic -Wno-error=redundant-decls -Wno-error=old-style-cast -fdiagnostics-color=always -faligned-new -Wno-unused-but-set-variable -Wno-maybe-uninitialized -fno-math-errno -fno-trapping-math -Werror=format -Wno-stringop-overflow, LAPACK_INFO=mkl, PERF_WITH_AVX=1, PERF_WITH_AVX2=1, PERF_WITH_AVX512=1, TORCH_VERSION=1.11.0, USE_CUDA=ON, USE_CUDNN=ON, USE_EXCEPTION_PTR=1, USE_GFLAGS=OFF, USE_GLOG=OFF, USE_MKL=ON, USE_MKLDNN=OFF, USE_MPI=OFF, USE_NCCL=ON, USE_NNPACK=ON, USE_OPENMP=ON, USE_ROCM=OFF, 

TorchVision: 0.12.0+cu113
OpenCV: 4.6.0
MMCV: 1.6.2
MMCV Compiler: GCC 9.4
MMCV CUDA Compiler: 10.1
MMPose: 0.29.0+c314105
------------------------------------------------------------

2022-11-25 06:30:10,379 - mmpose - INFO - Distributed training: False
2022-11-25 06:30:10,441 - mmpose - INFO - Config:
checkpoint_config = dict(interval=1)
log_config = dict(interval=5, hooks=[dict(type='TextLoggerHook')])
log_level = 'INFO'
load_from = None
resume_from = None
dist_params = dict(backend='nccl')
workflow = [('train', 1)]
opencv_num_threads = 1
mp_start_method = 'fork'
custom_imports = dict(
    imports=['models', 'datasets'], allow_failed_imports=False)
model = dict(
    type='PFLD',
    backbone=dict(type='PFLDInference'),
    loss_cfg=dict(type='PFLDLoss'))
train_pipeline = [
    dict(type='Resize', height=112, width=112, interpolation=0),
    dict(type='ColorJitter', brightness=0.3, p=0.5),
    dict(type='MedianBlur', blur_limit=3, p=0.3),
    dict(type='HorizontalFlip'),
    dict(type='VerticalFlip'),
    dict(type='Rotate'),
    dict(type='Affine', translate_percent=[0.05, 0.1], p=0.6)
]
val_pipeline = [dict(type='Resize', height=112, width=112)]
dataset_type = 'MeterData'
data = dict(
    samples_per_gpu=16,
    workers_per_gpu=2,
    train=dict(
        type='MeterData',
        data_root='/home/dq/gitlab/datasets/table',
        index_file='train_data/annotations.txt',
        pipeline=[
            dict(type='Resize', height=112, width=112, interpolation=0),
            dict(type='ColorJitter', brightness=0.3, p=0.5),
            dict(type='MedianBlur', blur_limit=3, p=0.3),
            dict(type='HorizontalFlip'),
            dict(type='VerticalFlip'),
            dict(type='Rotate'),
            dict(type='Affine', translate_percent=[0.05, 0.1], p=0.6)
        ]),
    val=dict(
        type='MeterData',
        data_root='/home/dq/gitlab/datasets/table',
        index_file='test_data/annotations.txt',
        pipeline=[dict(type='Resize', height=112, width=112)],
        test_mode=True),
    test=dict(
        type='MeterData',
        data_root='/home/dq/gitlab/datasets/table',
        index_file='test_data/annotations.txt',
        pipeline=[dict(type='Resize', height=112, width=112)],
        test_mode=True))
evaluation = dict(save_best='loss')
optimizer = dict(type='Adam', lr=0.0001, betas=(0.9, 0.99), weight_decay=1e-06)
optimizer_config = dict(grad_clip=dict(max_norm=35, norm_type=2))
lr_config = dict(
    policy='step',
    warmup='linear',
    warmup_iters=400,
    warmup_ratio=0.0001,
    step=[440, 490])
total_epochs = 500
find_unused_parameters = True
work_dir = '/home/dq/github/edgelab/work_dirs/pfld_mv2n_112/exp31'
auto_resume = False
gpu_ids = [0]

2022-11-25 06:30:10,441 - mmpose - INFO - Set random seed to 2046419360, deterministic: False
2022-11-25 06:30:15,878 - mmpose - INFO - Start running, host: dq@stu, work_dir: /home/dq/github/edgelab/work_dirs/pfld_mv2n_112/exp31
2022-11-25 06:30:15,879 - mmpose - INFO - Hooks will be executed in the following order:
before_run:
(VERY_HIGH   ) StepLrUpdaterHook                  
(NORMAL      ) CheckpointHook                     
(NORMAL      ) EvalHook                           
(VERY_LOW    ) TextLoggerHook                     
 -------------------- 
before_train_epoch:
(VERY_HIGH   ) StepLrUpdaterHook                  
(NORMAL      ) EvalHook                           
(LOW         ) IterTimerHook                      
(VERY_LOW    ) TextLoggerHook                     
 -------------------- 
before_train_iter:
(VERY_HIGH   ) StepLrUpdaterHook                  
(NORMAL      ) EvalHook                           
(LOW         ) IterTimerHook                      
 -------------------- 
after_train_iter:
(ABOVE_NORMAL) OptimizerHook                      
(NORMAL      ) CheckpointHook                     
(NORMAL      ) EvalHook                           
(LOW         ) IterTimerHook                      
(VERY_LOW    ) TextLoggerHook                     
 -------------------- 
after_train_epoch:
(NORMAL      ) CheckpointHook                     
(NORMAL      ) EvalHook                           
(VERY_LOW    ) TextLoggerHook                     
 -------------------- 
before_val_epoch:
(LOW         ) IterTimerHook                      
(VERY_LOW    ) TextLoggerHook                     
 -------------------- 
before_val_iter:
(LOW         ) IterTimerHook                      
 -------------------- 
after_val_iter:
(LOW         ) IterTimerHook                      
 -------------------- 
after_val_epoch:
(VERY_LOW    ) TextLoggerHook                     
 -------------------- 
after_run:
(VERY_LOW    ) TextLoggerHook                     
 -------------------- 
2022-11-25 06:30:15,879 - mmpose - INFO - workflow: [('train', 1)], max: 500 epochs
2022-11-25 06:30:15,879 - mmpose - INFO - Checkpoints will be saved to /home/dq/github/edgelab/work_dirs/pfld_mv2n_112/exp31 by HardDiskBackend.
2022-11-25 06:30:18,493 - mmpose - INFO - Epoch [1][5/325]	lr: 1.010e-06, eta: 23:34:52, time: 0.522, data_time: 0.447, memory: 145, loss: 0.4868, grad_norm: 23.8807
2022-11-25 06:30:18,754 - mmpose - INFO - Epoch [1][10/325]	lr: 2.260e-06, eta: 12:57:59, time: 0.052, data_time: 0.001, memory: 145, loss: 0.5004, grad_norm: 24.4242
2022-11-25 06:30:19,011 - mmpose - INFO - Epoch [1][15/325]	lr: 3.510e-06, eta: 9:25:10, time: 0.052, data_time: 0.000, memory: 145, loss: 0.5081, grad_norm: 24.4497
2022-11-25 06:30:19,273 - mmpose - INFO - Epoch [1][20/325]	lr: 4.760e-06, eta: 7:39:08, time: 0.052, data_time: 0.000, memory: 145, loss: 0.5041, grad_norm: 25.1187
2022-11-25 06:30:19,565 - mmpose - INFO - Epoch [1][25/325]	lr: 6.009e-06, eta: 6:39:00, time: 0.059, data_time: 0.001, memory: 145, loss: 0.5147, grad_norm: 24.7408
2022-11-25 06:30:19,827 - mmpose - INFO - Epoch [1][30/325]	lr: 7.259e-06, eta: 5:56:13, time: 0.053, data_time: 0.001, memory: 145, loss: 0.4701, grad_norm: 24.0047
2022-11-25 06:30:20,096 - mmpose - INFO - Epoch [1][35/325]	lr: 8.509e-06, eta: 5:26:07, time: 0.054, data_time: 0.000, memory: 145, loss: 0.4455, grad_norm: 22.9501
2022-11-25 06:30:20,397 - mmpose - INFO - Epoch [1][40/325]	lr: 9.759e-06, eta: 5:05:41, time: 0.060, data_time: 0.000, memory: 145, loss: 0.4355, grad_norm: 23.1469
2022-11-25 06:30:20,657 - mmpose - INFO - Epoch [1][45/325]	lr: 1.101e-05, eta: 4:47:23, time: 0.052, data_time: 0.000, memory: 145, loss: 0.4018, grad_norm: 21.7782
2022-11-25 06:30:20,903 - mmpose - INFO - Epoch [1][50/325]	lr: 1.226e-05, eta: 4:31:52, time: 0.049, data_time: 0.000, memory: 145, loss: 0.3581, grad_norm: 20.5670
2022-11-25 06:30:21,148 - mmpose - INFO - Epoch [1][55/325]	lr: 1.351e-05, eta: 4:19:17, time: 0.049, data_time: 0.001, memory: 145, loss: 0.3184, grad_norm: 17.8392
2022-11-25 06:30:21,411 - mmpose - INFO - Epoch [1][60/325]	lr: 1.476e-05, eta: 4:09:31, time: 0.052, data_time: 0.000, memory: 145, loss: 0.3384, grad_norm: 20.1460
2022-11-25 06:30:21,671 - mmpose - INFO - Epoch [1][65/325]	lr: 1.601e-05, eta: 4:01:09, time: 0.052, data_time: 0.000, memory: 145, loss: 0.3136, grad_norm: 18.7610
2022-11-25 06:30:21,939 - mmpose - INFO - Epoch [1][70/325]	lr: 1.726e-05, eta: 3:54:17, time: 0.054, data_time: 0.000, memory: 145, loss: 0.2659, grad_norm: 16.5822
2022-11-25 06:30:22,201 - mmpose - INFO - Epoch [1][75/325]	lr: 1.851e-05, eta: 3:48:01, time: 0.052, data_time: 0.000, memory: 145, loss: 0.2635, grad_norm: 16.1577
2022-11-25 06:30:22,459 - mmpose - INFO - Epoch [1][80/325]	lr: 1.976e-05, eta: 3:42:36, time: 0.052, data_time: 0.001, memory: 145, loss: 0.2220, grad_norm: 14.5014
2022-11-25 06:30:22,715 - mmpose - INFO - Epoch [1][85/325]	lr: 2.101e-05, eta: 3:37:34, time: 0.051, data_time: 0.000, memory: 145, loss: 0.2314, grad_norm: 15.2157
2022-11-25 06:30:22,977 - mmpose - INFO - Epoch [1][90/325]	lr: 2.226e-05, eta: 3:33:25, time: 0.053, data_time: 0.001, memory: 145, loss: 0.1730, grad_norm: 13.6738
2022-11-25 06:30:23,230 - mmpose - INFO - Epoch [1][95/325]	lr: 2.351e-05, eta: 3:29:23, time: 0.051, data_time: 0.000, memory: 145, loss: 0.1743, grad_norm: 13.3001
2022-11-25 06:30:23,492 - mmpose - INFO - Epoch [1][100/325]	lr: 2.476e-05, eta: 3:26:00, time: 0.052, data_time: 0.000, memory: 145, loss: 0.1345, grad_norm: 12.1579
2022-11-25 06:30:23,787 - mmpose - INFO - Epoch [1][105/325]	lr: 2.601e-05, eta: 3:23:46, time: 0.059, data_time: 0.000, memory: 145, loss: 0.1134, grad_norm: 11.6824
2022-11-25 06:30:24,055 - mmpose - INFO - Epoch [1][110/325]	lr: 2.726e-05, eta: 3:21:05, time: 0.054, data_time: 0.001, memory: 145, loss: 0.0925, grad_norm: 10.4458
2022-11-25 06:30:24,356 - mmpose - INFO - Epoch [1][115/325]	lr: 2.851e-05, eta: 3:19:27, time: 0.060, data_time: 0.001, memory: 145, loss: 0.0878, grad_norm: 11.0900
2022-11-25 06:30:24,638 - mmpose - INFO - Epoch [1][120/325]	lr: 2.976e-05, eta: 3:17:29, time: 0.056, data_time: 0.001, memory: 145, loss: 0.0653, grad_norm: 7.8960
2022-11-25 06:30:24,899 - mmpose - INFO - Epoch [1][125/325]	lr: 3.101e-05, eta: 3:15:14, time: 0.052, data_time: 0.000, memory: 145, loss: 0.0446, grad_norm: 7.4511
2022-11-25 06:30:25,169 - mmpose - INFO - Epoch [1][130/325]	lr: 3.226e-05, eta: 3:13:19, time: 0.054, data_time: 0.000, memory: 145, loss: 0.0470, grad_norm: 6.9768
2022-11-25 06:30:25,433 - mmpose - INFO - Epoch [1][135/325]	lr: 3.351e-05, eta: 3:11:27, time: 0.053, data_time: 0.000, memory: 145, loss: 0.0429, grad_norm: 7.1257
2022-11-25 06:30:25,711 - mmpose - INFO - Epoch [1][140/325]	lr: 3.476e-05, eta: 3:09:59, time: 0.056, data_time: 0.001, memory: 145, loss: 0.0373, grad_norm: 6.7141
2022-11-25 06:30:25,993 - mmpose - INFO - Epoch [1][145/325]	lr: 3.601e-05, eta: 3:08:42, time: 0.056, data_time: 0.000, memory: 145, loss: 0.0409, grad_norm: 6.9373
2022-11-25 06:30:26,265 - mmpose - INFO - Epoch [1][150/325]	lr: 3.726e-05, eta: 3:07:17, time: 0.054, data_time: 0.000, memory: 145, loss: 0.0403, grad_norm: 6.9969
2022-11-25 06:30:26,541 - mmpose - INFO - Epoch [1][155/325]	lr: 3.851e-05, eta: 3:06:03, time: 0.055, data_time: 0.000, memory: 145, loss: 0.0449, grad_norm: 7.4331
2022-11-25 06:30:26,824 - mmpose - INFO - Epoch [1][160/325]	lr: 3.976e-05, eta: 3:05:01, time: 0.056, data_time: 0.000, memory: 145, loss: 0.0389, grad_norm: 6.9581
2022-11-25 06:30:27,083 - mmpose - INFO - Epoch [1][165/325]	lr: 4.101e-05, eta: 3:03:40, time: 0.052, data_time: 0.001, memory: 145, loss: 0.0440, grad_norm: 6.9869
2022-11-25 06:30:27,362 - mmpose - INFO - Epoch [1][170/325]	lr: 4.226e-05, eta: 3:02:42, time: 0.056, data_time: 0.000, memory: 145, loss: 0.0367, grad_norm: 6.6554
2022-11-25 06:30:27,642 - mmpose - INFO - Epoch [1][175/325]	lr: 4.351e-05, eta: 3:01:48, time: 0.056, data_time: 0.000, memory: 145, loss: 0.0428, grad_norm: 7.1784
2022-11-25 06:30:27,919 - mmpose - INFO - Epoch [1][180/325]	lr: 4.476e-05, eta: 3:00:54, time: 0.055, data_time: 0.000, memory: 145, loss: 0.0367, grad_norm: 6.5765
2022-11-25 06:30:28,178 - mmpose - INFO - Epoch [1][185/325]	lr: 4.601e-05, eta: 2:59:48, time: 0.052, data_time: 0.000, memory: 145, loss: 0.0386, grad_norm: 6.7199
2022-11-25 06:30:28,436 - mmpose - INFO - Epoch [1][190/325]	lr: 4.726e-05, eta: 2:58:44, time: 0.052, data_time: 0.000, memory: 145, loss: 0.0321, grad_norm: 6.0528
2022-11-25 06:30:28,693 - mmpose - INFO - Epoch [1][195/325]	lr: 4.851e-05, eta: 2:57:43, time: 0.051, data_time: 0.000, memory: 145, loss: 0.0390, grad_norm: 6.5177
2022-11-25 06:30:28,956 - mmpose - INFO - Epoch [1][200/325]	lr: 4.976e-05, eta: 2:56:49, time: 0.053, data_time: 0.000, memory: 145, loss: 0.0377, grad_norm: 6.6569
2022-11-25 06:30:29,217 - mmpose - INFO - Epoch [1][205/325]	lr: 5.100e-05, eta: 2:55:56, time: 0.052, data_time: 0.000, memory: 145, loss: 0.0422, grad_norm: 6.5244
2022-11-25 06:30:29,476 - mmpose - INFO - Epoch [1][210/325]	lr: 5.225e-05, eta: 2:55:05, time: 0.052, data_time: 0.001, memory: 145, loss: 0.0388, grad_norm: 6.3080
2022-11-25 06:30:29,718 - mmpose - INFO - Epoch [1][215/325]	lr: 5.350e-05, eta: 2:54:03, time: 0.048, data_time: 0.000, memory: 145, loss: 0.0397, grad_norm: 6.0020
2022-11-25 06:30:29,983 - mmpose - INFO - Epoch [1][220/325]	lr: 5.475e-05, eta: 2:53:19, time: 0.053, data_time: 0.000, memory: 145, loss: 0.0378, grad_norm: 6.1578
2022-11-25 06:30:30,226 - mmpose - INFO - Epoch [1][225/325]	lr: 5.600e-05, eta: 2:52:25, time: 0.049, data_time: 0.001, memory: 145, loss: 0.0425, grad_norm: 7.1556
2022-11-25 06:30:30,488 - mmpose - INFO - Epoch [1][230/325]	lr: 5.725e-05, eta: 2:51:43, time: 0.052, data_time: 0.000, memory: 145, loss: 0.0351, grad_norm: 6.2280
2022-11-25 06:30:30,747 - mmpose - INFO - Epoch [1][235/325]	lr: 5.850e-05, eta: 2:51:03, time: 0.052, data_time: 0.001, memory: 145, loss: 0.0433, grad_norm: 6.9221
2022-11-25 06:30:31,011 - mmpose - INFO - Epoch [1][240/325]	lr: 5.975e-05, eta: 2:50:27, time: 0.053, data_time: 0.000, memory: 145, loss: 0.0393, grad_norm: 6.4638
2022-11-25 06:30:31,265 - mmpose - INFO - Epoch [1][245/325]	lr: 6.100e-05, eta: 2:49:47, time: 0.051, data_time: 0.001, memory: 145, loss: 0.0405, grad_norm: 6.4900
2022-11-25 06:30:31,518 - mmpose - INFO - Epoch [1][250/325]	lr: 6.225e-05, eta: 2:49:07, time: 0.051, data_time: 0.000, memory: 145, loss: 0.0353, grad_norm: 5.9827
2022-11-25 06:30:31,762 - mmpose - INFO - Epoch [1][255/325]	lr: 6.350e-05, eta: 2:48:23, time: 0.049, data_time: 0.001, memory: 145, loss: 0.0410, grad_norm: 7.3858
2022-11-25 06:30:32,030 - mmpose - INFO - Epoch [1][260/325]	lr: 6.475e-05, eta: 2:47:55, time: 0.053, data_time: 0.000, memory: 145, loss: 0.0406, grad_norm: 6.4556
2022-11-25 06:30:32,282 - mmpose - INFO - Epoch [1][265/325]	lr: 6.600e-05, eta: 2:47:19, time: 0.051, data_time: 0.001, memory: 145, loss: 0.0392, grad_norm: 6.2524
2022-11-25 06:30:32,535 - mmpose - INFO - Epoch [1][270/325]	lr: 6.725e-05, eta: 2:46:45, time: 0.051, data_time: 0.000, memory: 145, loss: 0.0335, grad_norm: 5.6689
2022-11-25 06:30:32,804 - mmpose - INFO - Epoch [1][275/325]	lr: 6.850e-05, eta: 2:46:21, time: 0.053, data_time: 0.000, memory: 145, loss: 0.0421, grad_norm: 6.7041
2022-11-25 06:30:33,081 - mmpose - INFO - Epoch [1][280/325]	lr: 6.975e-05, eta: 2:46:03, time: 0.056, data_time: 0.001, memory: 145, loss: 0.0370, grad_norm: 6.2269
2022-11-25 06:30:33,349 - mmpose - INFO - Epoch [1][285/325]	lr: 7.100e-05, eta: 2:45:40, time: 0.053, data_time: 0.000, memory: 145, loss: 0.0393, grad_norm: 6.3053
2022-11-25 06:30:33,635 - mmpose - INFO - Epoch [1][290/325]	lr: 7.225e-05, eta: 2:45:29, time: 0.057, data_time: 0.001, memory: 145, loss: 0.0449, grad_norm: 6.4946
2022-11-25 06:30:33,894 - mmpose - INFO - Epoch [1][295/325]	lr: 7.350e-05, eta: 2:45:03, time: 0.052, data_time: 0.000, memory: 145, loss: 0.0331, grad_norm: 5.5878
2022-11-25 06:30:34,153 - mmpose - INFO - Epoch [1][300/325]	lr: 7.475e-05, eta: 2:44:37, time: 0.052, data_time: 0.000, memory: 145, loss: 0.0356, grad_norm: 5.8434
2022-11-25 06:30:34,412 - mmpose - INFO - Epoch [1][305/325]	lr: 7.600e-05, eta: 2:44:13, time: 0.052, data_time: 0.000, memory: 145, loss: 0.0436, grad_norm: 6.7409
2022-11-25 06:30:34,669 - mmpose - INFO - Epoch [1][310/325]	lr: 7.725e-05, eta: 2:43:48, time: 0.051, data_time: 0.001, memory: 145, loss: 0.0321, grad_norm: 5.3076
2022-11-25 06:30:34,927 - mmpose - INFO - Epoch [1][315/325]	lr: 7.850e-05, eta: 2:43:25, time: 0.052, data_time: 0.000, memory: 145, loss: 0.0367, grad_norm: 5.8948
2022-11-25 06:30:35,185 - mmpose - INFO - Epoch [1][320/325]	lr: 7.975e-05, eta: 2:43:02, time: 0.052, data_time: 0.000, memory: 145, loss: 0.0387, grad_norm: 5.8077
2022-11-25 06:30:35,425 - mmpose - INFO - Exp name: pfld_mv2n_112.py
2022-11-25 06:30:35,425 - mmpose - INFO - Epoch [1][325/325]	lr: 8.100e-05, eta: 2:42:31, time: 0.048, data_time: 0.000, memory: 145, loss: 0.0424, grad_norm: 6.1993
2022-11-25 06:30:35,537 - mmpose - INFO - Saving checkpoint at 1 epochs
2022-11-25 06:30:43,419 - mmpose - INFO - Now best checkpoint is saved as best_loss_epoch_1.pth.
2022-11-25 06:30:43,419 - mmpose - INFO - Best loss is 0.2719 at 1 epoch.
2022-11-25 06:30:43,420 - mmpose - INFO - Exp name: pfld_mv2n_112.py
2022-11-25 06:30:43,420 - mmpose - INFO - Epoch(val) [1][960]	loss: 0.2719
2022-11-25 06:30:45,880 - mmpose - INFO - Epoch [2][5/325]	lr: 8.225e-05, eta: 3:00:11, time: 0.492, data_time: 0.434, memory: 145, loss: 0.0353, grad_norm: 5.4202
2022-11-25 06:30:46,160 - mmpose - INFO - Epoch [2][10/325]	lr: 8.350e-05, eta: 2:59:44, time: 0.056, data_time: 0.001, memory: 145, loss: 0.0373, grad_norm: 5.4678
2022-11-25 06:30:46,430 - mmpose - INFO - Epoch [2][15/325]	lr: 8.475e-05, eta: 2:59:14, time: 0.054, data_time: 0.001, memory: 145, loss: 0.0400, grad_norm: 6.0894
2022-11-25 06:30:46,701 - mmpose - INFO - Epoch [2][20/325]	lr: 8.600e-05, eta: 2:58:45, time: 0.054, data_time: 0.001, memory: 145, loss: 0.0348, grad_norm: 5.3998
2022-11-25 06:30:46,961 - mmpose - INFO - Epoch [2][25/325]	lr: 8.725e-05, eta: 2:58:12, time: 0.052, data_time: 0.001, memory: 145, loss: 0.0349, grad_norm: 5.5694
2022-11-25 06:30:47,239 - mmpose - INFO - Epoch [2][30/325]	lr: 8.850e-05, eta: 2:57:49, time: 0.056, data_time: 0.001, memory: 145, loss: 0.0430, grad_norm: 5.8774
2022-11-25 06:30:47,500 - mmpose - INFO - Epoch [2][35/325]	lr: 8.975e-05, eta: 2:57:17, time: 0.052, data_time: 0.000, memory: 145, loss: 0.0359, grad_norm: 5.8006
2022-11-25 06:30:47,759 - mmpose - INFO - Epoch [2][40/325]	lr: 9.100e-05, eta: 2:56:47, time: 0.052, data_time: 0.001, memory: 145, loss: 0.0381, grad_norm: 5.5642
2022-11-25 06:30:48,019 - mmpose - INFO - Epoch [2][45/325]	lr: 9.225e-05, eta: 2:56:17, time: 0.052, data_time: 0.000, memory: 145, loss: 0.0365, grad_norm: 5.4292
2022-11-25 06:30:48,293 - mmpose - INFO - Epoch [2][50/325]	lr: 9.350e-05, eta: 2:55:53, time: 0.054, data_time: 0.000, memory: 145, loss: 0.0314, grad_norm: 5.2185
2022-11-25 06:30:48,564 - mmpose - INFO - Epoch [2][55/325]	lr: 9.475e-05, eta: 2:55:30, time: 0.055, data_time: 0.001, memory: 145, loss: 0.0360, grad_norm: 5.2051
2022-11-25 06:30:48,825 - mmpose - INFO - Epoch [2][60/325]	lr: 9.600e-05, eta: 2:55:03, time: 0.052, data_time: 0.000, memory: 145, loss: 0.0374, grad_norm: 5.9423
2022-11-25 06:30:49,085 - mmpose - INFO - Epoch [2][65/325]	lr: 9.725e-05, eta: 2:54:36, time: 0.052, data_time: 0.000, memory: 145, loss: 0.0364, grad_norm: 5.2391
2022-11-25 06:30:49,347 - mmpose - INFO - Epoch [2][70/325]	lr: 9.850e-05, eta: 2:54:10, time: 0.052, data_time: 0.000, memory: 145, loss: 0.0336, grad_norm: 5.2066
2022-11-25 06:30:49,605 - mmpose - INFO - Epoch [2][75/325]	lr: 9.975e-05, eta: 2:53:44, time: 0.052, data_time: 0.001, memory: 145, loss: 0.0285, grad_norm: 4.6416
2022-11-25 06:30:49,865 - mmpose - INFO - Epoch [2][80/325]	lr: 1.000e-04, eta: 2:53:19, time: 0.052, data_time: 0.001, memory: 145, loss: 0.0371, grad_norm: 5.0630
2022-11-25 06:30:50,111 - mmpose - INFO - Epoch [2][85/325]	lr: 1.000e-04, eta: 2:52:49, time: 0.049, data_time: 0.000, memory: 145, loss: 0.0347, grad_norm: 4.7390
