2022-11-25 02:37:01,930 - mmpose - INFO - Environment info:
------------------------------------------------------------
sys.platform: linux
Python: 3.8.0 (default, Nov  6 2019, 21:49:08) [GCC 7.3.0]
CUDA available: True
GPU 0: NVIDIA A100-PCIE-40GB
CUDA_HOME: /usr
NVCC: Cuda compilation tools, release 10.1, V10.1.24
GCC: gcc (Ubuntu 9.4.0-1ubuntu1~20.04.1) 9.4.0
PyTorch: 1.10.0+cu113
PyTorch compiling details: PyTorch built with:
  - GCC 7.3
  - C++ Version: 201402
  - Intel(R) Math Kernel Library Version 2020.0.0 Product Build 20191122 for Intel(R) 64 architecture applications
  - Intel(R) MKL-DNN v2.2.3 (Git Hash 7336ca9f055cf1bfa13efb658fe15dc9b41f0740)
  - OpenMP 201511 (a.k.a. OpenMP 4.5)
  - LAPACK is enabled (usually provided by MKL)
  - NNPACK is enabled
  - CPU capability usage: AVX512
  - CUDA Runtime 11.3
  - NVCC architecture flags: -gencode;arch=compute_37,code=sm_37;-gencode;arch=compute_50,code=sm_50;-gencode;arch=compute_60,code=sm_60;-gencode;arch=compute_70,code=sm_70;-gencode;arch=compute_75,code=sm_75;-gencode;arch=compute_80,code=sm_80;-gencode;arch=compute_86,code=sm_86
  - CuDNN 8.2
  - Magma 2.5.2
  - Build settings: BLAS_INFO=mkl, BUILD_TYPE=Release, CUDA_VERSION=11.3, CUDNN_VERSION=8.2.0, CXX_COMPILER=/opt/rh/devtoolset-7/root/usr/bin/c++, CXX_FLAGS= -Wno-deprecated -fvisibility-inlines-hidden -DUSE_PTHREADPOOL -fopenmp -DNDEBUG -DUSE_KINETO -DUSE_FBGEMM -DUSE_QNNPACK -DUSE_PYTORCH_QNNPACK -DUSE_XNNPACK -DSYMBOLICATE_MOBILE_DEBUG_HANDLE -DEDGE_PROFILER_USE_KINETO -O2 -fPIC -Wno-narrowing -Wall -Wextra -Werror=return-type -Wno-missing-field-initializers -Wno-type-limits -Wno-array-bounds -Wno-unknown-pragmas -Wno-sign-compare -Wno-unused-parameter -Wno-unused-variable -Wno-unused-function -Wno-unused-result -Wno-unused-local-typedefs -Wno-strict-overflow -Wno-strict-aliasing -Wno-error=deprecated-declarations -Wno-stringop-overflow -Wno-psabi -Wno-error=pedantic -Wno-error=redundant-decls -Wno-error=old-style-cast -fdiagnostics-color=always -faligned-new -Wno-unused-but-set-variable -Wno-maybe-uninitialized -fno-math-errno -fno-trapping-math -Werror=format -Wno-stringop-overflow, LAPACK_INFO=mkl, PERF_WITH_AVX=1, PERF_WITH_AVX2=1, PERF_WITH_AVX512=1, TORCH_VERSION=1.10.0, USE_CUDA=ON, USE_CUDNN=ON, USE_EXCEPTION_PTR=1, USE_GFLAGS=OFF, USE_GLOG=OFF, USE_MKL=ON, USE_MKLDNN=ON, USE_MPI=OFF, USE_NCCL=ON, USE_NNPACK=ON, USE_OPENMP=ON, 

TorchVision: 0.11.1+cu113
OpenCV: 4.6.0
MMCV: 1.6.2
MMCV Compiler: GCC 9.4
MMCV CUDA Compiler: 10.1
MMPose: 0.29.0+80fffc6
------------------------------------------------------------

2022-11-25 02:37:02,043 - mmpose - INFO - Distributed training: False
2022-11-25 02:37:02,297 - mmpose - INFO - Config:
checkpoint_config = dict(interval=1)
log_config = dict(interval=5, hooks=[dict(type='TextLoggerHook')])
log_level = 'INFO'
load_from = None
resume_from = None
dist_params = dict(backend='nccl')
workflow = [('train', 1)]
opencv_num_threads = 1
mp_start_method = 'fork'
custom_imports = dict(
    imports=['models', 'datasets'], allow_failed_imports=False)
model = dict(
    type='PFLD',
    backbone=dict(type='PFLDInference'),
    loss_cfg=dict(type='PFLDLoss'))
pipeline = [
    dict(type='Resize', height=112, width=112),
    dict(type='ColorJitter', brightness=0.3, p=0.5),
    dict(type='MedianBlur', blur_limit=3, p=0.3),
    dict(type='HorizontalFlip'),
    dict(type='VerticalFlip'),
    dict(type='Rotate'),
    dict(type='Affine', translate_percent=[0.05, 0.1], p=0.6)
]
dataset_type = 'MeterData'
data = dict(
    samples_per_gpu=16,
    workers_per_gpu=2,
    train=dict(
        type='MeterData',
        data_root='/home/dq/gitlab/datasets/table',
        index_file='train_data/list_d.txt',
        pipeline=[
            dict(type='Resize', height=112, width=112),
            dict(type='ColorJitter', brightness=0.3, p=0.5),
            dict(type='MedianBlur', blur_limit=3, p=0.3),
            dict(type='HorizontalFlip'),
            dict(type='VerticalFlip'),
            dict(type='Rotate'),
            dict(type='Affine', translate_percent=[0.05, 0.1], p=0.6)
        ],
        transform=True),
    val=dict(
        type='MeterData',
        data_root='/home/dq/gitlab/datasets/table',
        index_file='test_data/list_d.txt',
        pipeline=[
            dict(type='Resize', height=112, width=112),
            dict(type='ColorJitter', brightness=0.3, p=0.5),
            dict(type='MedianBlur', blur_limit=3, p=0.3),
            dict(type='HorizontalFlip'),
            dict(type='VerticalFlip'),
            dict(type='Rotate'),
            dict(type='Affine', translate_percent=[0.05, 0.1], p=0.6)
        ],
        transform=False),
    test=dict(
        type='MeterData',
        data_root='/home/dq/gitlab/datasets/table',
        index_file='test_data/list_d.txt',
        pipeline=[
            dict(type='Resize', height=112, width=112),
            dict(type='ColorJitter', brightness=0.3, p=0.5),
            dict(type='MedianBlur', blur_limit=3, p=0.3),
            dict(type='HorizontalFlip'),
            dict(type='VerticalFlip'),
            dict(type='Rotate'),
            dict(type='Affine', translate_percent=[0.05, 0.1], p=0.6)
        ],
        transform=False))
evaluation = dict(save_best='loss')
optimizer = dict(type='Adam', lr=0.0001, betas=(0.9, 0.99), weight_decay=1e-06)
optimizer_config = dict(grad_clip=dict(max_norm=35, norm_type=2))
lr_config = dict(policy='OneCycle', max_lr=0.0001, pct_start=0.1)
total_epochs = 500
find_unused_parameters = True
work_dir = '/home/dq/github/edgelab/work_dirs/pfld_mv2n_112/exp15'
auto_resume = False
gpu_ids = [0]

2022-11-25 02:37:02,297 - mmpose - INFO - Set random seed to 1095391651, deterministic: False
2022-11-25 02:37:08,227 - mmpose - INFO - Start running, host: dq@stu, work_dir: /home/dq/github/edgelab/work_dirs/pfld_mv2n_112/exp15
2022-11-25 02:37:08,228 - mmpose - INFO - Hooks will be executed in the following order:
before_run:
(VERY_HIGH   ) OneCycleLrUpdaterHook              
(NORMAL      ) CheckpointHook                     
(NORMAL      ) EvalHook                           
(VERY_LOW    ) TextLoggerHook                     
 -------------------- 
before_train_epoch:
(VERY_HIGH   ) OneCycleLrUpdaterHook              
(NORMAL      ) EvalHook                           
(LOW         ) IterTimerHook                      
(VERY_LOW    ) TextLoggerHook                     
 -------------------- 
before_train_iter:
(VERY_HIGH   ) OneCycleLrUpdaterHook              
(NORMAL      ) EvalHook                           
(LOW         ) IterTimerHook                      
 -------------------- 
after_train_iter:
(ABOVE_NORMAL) OptimizerHook                      
(NORMAL      ) CheckpointHook                     
(NORMAL      ) EvalHook                           
(LOW         ) IterTimerHook                      
(VERY_LOW    ) TextLoggerHook                     
 -------------------- 
after_train_epoch:
(NORMAL      ) CheckpointHook                     
(NORMAL      ) EvalHook                           
(VERY_LOW    ) TextLoggerHook                     
 -------------------- 
before_val_epoch:
(LOW         ) IterTimerHook                      
(VERY_LOW    ) TextLoggerHook                     
 -------------------- 
before_val_iter:
(LOW         ) IterTimerHook                      
 -------------------- 
after_val_iter:
(LOW         ) IterTimerHook                      
 -------------------- 
after_val_epoch:
(VERY_LOW    ) TextLoggerHook                     
 -------------------- 
after_run:
(VERY_LOW    ) TextLoggerHook                     
 -------------------- 
2022-11-25 02:37:08,228 - mmpose - INFO - workflow: [('train', 1)], max: 500 epochs
2022-11-25 02:37:08,228 - mmpose - INFO - Checkpoints will be saved to /home/dq/github/edgelab/work_dirs/pfld_mv2n_112/exp15 by HardDiskBackend.
2022-11-25 02:37:10,814 - mmpose - INFO - Epoch [1][5/325]	lr: 4.000e-06, eta: 23:19:50, time: 0.517, data_time: 0.447, memory: 145, loss: 0.1324, grad_norm: 12.6586
2022-11-25 02:37:11,073 - mmpose - INFO - Epoch [1][10/325]	lr: 4.000e-06, eta: 12:49:36, time: 0.051, data_time: 0.001, memory: 145, loss: 0.1584, grad_norm: 14.4362
2022-11-25 02:37:11,338 - mmpose - INFO - Epoch [1][15/325]	lr: 4.000e-06, eta: 9:21:15, time: 0.053, data_time: 0.001, memory: 145, loss: 0.1283, grad_norm: 12.7558
2022-11-25 02:37:11,620 - mmpose - INFO - Epoch [1][20/325]	lr: 4.000e-06, eta: 7:39:03, time: 0.056, data_time: 0.001, memory: 145, loss: 0.1330, grad_norm: 13.7973
2022-11-25 02:37:11,894 - mmpose - INFO - Epoch [1][25/325]	lr: 4.001e-06, eta: 6:36:56, time: 0.055, data_time: 0.001, memory: 145, loss: 0.1176, grad_norm: 13.7025
2022-11-25 02:37:12,157 - mmpose - INFO - Epoch [1][30/325]	lr: 4.001e-06, eta: 5:54:29, time: 0.053, data_time: 0.001, memory: 145, loss: 0.1267, grad_norm: 12.1945
2022-11-25 02:37:12,475 - mmpose - INFO - Epoch [1][35/325]	lr: 4.001e-06, eta: 5:28:17, time: 0.063, data_time: 0.001, memory: 145, loss: 0.1206, grad_norm: 12.1745
2022-11-25 02:37:12,764 - mmpose - INFO - Epoch [1][40/325]	lr: 4.001e-06, eta: 5:06:56, time: 0.058, data_time: 0.001, memory: 145, loss: 0.1101, grad_norm: 11.8384
2022-11-25 02:37:13,036 - mmpose - INFO - Epoch [1][45/325]	lr: 4.002e-06, eta: 4:49:11, time: 0.054, data_time: 0.001, memory: 145, loss: 0.1076, grad_norm: 11.8556
2022-11-25 02:37:13,317 - mmpose - INFO - Epoch [1][50/325]	lr: 4.002e-06, eta: 4:35:27, time: 0.056, data_time: 0.001, memory: 145, loss: 0.0974, grad_norm: 12.0034
2022-11-25 02:37:13,599 - mmpose - INFO - Epoch [1][55/325]	lr: 4.003e-06, eta: 4:24:18, time: 0.056, data_time: 0.001, memory: 145, loss: 0.1071, grad_norm: 12.2674
2022-11-25 02:37:13,869 - mmpose - INFO - Epoch [1][60/325]	lr: 4.003e-06, eta: 4:14:27, time: 0.054, data_time: 0.001, memory: 145, loss: 0.0980, grad_norm: 11.0806
2022-11-25 02:37:14,140 - mmpose - INFO - Epoch [1][65/325]	lr: 4.004e-06, eta: 4:06:08, time: 0.054, data_time: 0.000, memory: 145, loss: 0.0968, grad_norm: 11.5836
2022-11-25 02:37:14,427 - mmpose - INFO - Epoch [1][70/325]	lr: 4.004e-06, eta: 3:59:38, time: 0.057, data_time: 0.001, memory: 145, loss: 0.0973, grad_norm: 11.5480
2022-11-25 02:37:14,703 - mmpose - INFO - Epoch [1][75/325]	lr: 4.005e-06, eta: 3:53:38, time: 0.055, data_time: 0.001, memory: 145, loss: 0.0954, grad_norm: 10.9299
2022-11-25 02:37:14,973 - mmpose - INFO - Epoch [1][80/325]	lr: 4.006e-06, eta: 3:48:09, time: 0.054, data_time: 0.000, memory: 145, loss: 0.0789, grad_norm: 9.6850
2022-11-25 02:37:15,253 - mmpose - INFO - Epoch [1][85/325]	lr: 4.006e-06, eta: 3:43:36, time: 0.056, data_time: 0.001, memory: 145, loss: 0.1023, grad_norm: 11.2560
2022-11-25 02:37:15,534 - mmpose - INFO - Epoch [1][90/325]	lr: 4.007e-06, eta: 3:39:39, time: 0.056, data_time: 0.001, memory: 145, loss: 0.0773, grad_norm: 9.5006
2022-11-25 02:37:15,790 - mmpose - INFO - Epoch [1][95/325]	lr: 4.008e-06, eta: 3:35:24, time: 0.051, data_time: 0.000, memory: 145, loss: 0.0755, grad_norm: 10.0379
2022-11-25 02:37:16,066 - mmpose - INFO - Epoch [1][100/325]	lr: 4.009e-06, eta: 3:32:04, time: 0.055, data_time: 0.000, memory: 145, loss: 0.0846, grad_norm: 10.3034
2022-11-25 02:37:16,341 - mmpose - INFO - Epoch [1][105/325]	lr: 4.010e-06, eta: 3:29:04, time: 0.055, data_time: 0.001, memory: 145, loss: 0.0828, grad_norm: 10.5976
2022-11-25 02:37:16,621 - mmpose - INFO - Epoch [1][110/325]	lr: 4.011e-06, eta: 3:26:25, time: 0.056, data_time: 0.001, memory: 145, loss: 0.0732, grad_norm: 10.3402
2022-11-25 02:37:16,888 - mmpose - INFO - Epoch [1][115/325]	lr: 4.012e-06, eta: 3:23:45, time: 0.054, data_time: 0.001, memory: 145, loss: 0.0708, grad_norm: 9.0373
2022-11-25 02:37:17,172 - mmpose - INFO - Epoch [1][120/325]	lr: 4.013e-06, eta: 3:21:39, time: 0.057, data_time: 0.001, memory: 145, loss: 0.0747, grad_norm: 9.9756
2022-11-25 02:37:17,451 - mmpose - INFO - Epoch [1][125/325]	lr: 4.014e-06, eta: 3:19:36, time: 0.056, data_time: 0.001, memory: 145, loss: 0.0727, grad_norm: 9.8395
2022-11-25 02:37:17,718 - mmpose - INFO - Epoch [1][130/325]	lr: 4.015e-06, eta: 3:17:29, time: 0.053, data_time: 0.000, memory: 145, loss: 0.0682, grad_norm: 9.5625
2022-11-25 02:37:18,013 - mmpose - INFO - Epoch [1][135/325]	lr: 4.016e-06, eta: 3:16:04, time: 0.059, data_time: 0.001, memory: 145, loss: 0.0662, grad_norm: 9.7457
2022-11-25 02:37:18,306 - mmpose - INFO - Epoch [1][140/325]	lr: 4.017e-06, eta: 3:14:44, time: 0.059, data_time: 0.001, memory: 145, loss: 0.0643, grad_norm: 8.6326
2022-11-25 02:37:18,579 - mmpose - INFO - Epoch [1][145/325]	lr: 4.019e-06, eta: 3:13:04, time: 0.054, data_time: 0.001, memory: 145, loss: 0.0646, grad_norm: 9.2464
2022-11-25 02:37:18,855 - mmpose - INFO - Epoch [1][150/325]	lr: 4.020e-06, eta: 3:11:38, time: 0.055, data_time: 0.001, memory: 145, loss: 0.0699, grad_norm: 10.1954
2022-11-25 02:37:19,133 - mmpose - INFO - Epoch [1][155/325]	lr: 4.021e-06, eta: 3:10:19, time: 0.056, data_time: 0.001, memory: 145, loss: 0.0596, grad_norm: 9.0613
2022-11-25 02:37:19,413 - mmpose - INFO - Epoch [1][160/325]	lr: 4.023e-06, eta: 3:09:05, time: 0.056, data_time: 0.001, memory: 145, loss: 0.0647, grad_norm: 8.9927
2022-11-25 02:37:19,685 - mmpose - INFO - Epoch [1][165/325]	lr: 4.024e-06, eta: 3:07:48, time: 0.054, data_time: 0.001, memory: 145, loss: 0.0597, grad_norm: 8.8916
2022-11-25 02:37:19,968 - mmpose - INFO - Epoch [1][170/325]	lr: 4.026e-06, eta: 3:06:47, time: 0.057, data_time: 0.001, memory: 145, loss: 0.0557, grad_norm: 8.5056
2022-11-25 02:37:20,253 - mmpose - INFO - Epoch [1][175/325]	lr: 4.027e-06, eta: 3:05:51, time: 0.057, data_time: 0.001, memory: 145, loss: 0.0557, grad_norm: 8.8477
2022-11-25 02:37:20,514 - mmpose - INFO - Epoch [1][180/325]	lr: 4.029e-06, eta: 3:04:36, time: 0.052, data_time: 0.000, memory: 145, loss: 0.0547, grad_norm: 8.1049
2022-11-25 02:37:20,808 - mmpose - INFO - Epoch [1][185/325]	lr: 4.030e-06, eta: 3:03:53, time: 0.058, data_time: 0.001, memory: 145, loss: 0.0500, grad_norm: 7.8056
2022-11-25 02:37:21,094 - mmpose - INFO - Epoch [1][190/325]	lr: 4.032e-06, eta: 3:03:08, time: 0.058, data_time: 0.001, memory: 145, loss: 0.0555, grad_norm: 8.9409
2022-11-25 02:37:21,368 - mmpose - INFO - Epoch [1][195/325]	lr: 4.034e-06, eta: 3:02:13, time: 0.055, data_time: 0.001, memory: 145, loss: 0.0516, grad_norm: 8.9436
2022-11-25 02:37:21,650 - mmpose - INFO - Epoch [1][200/325]	lr: 4.036e-06, eta: 3:01:29, time: 0.056, data_time: 0.001, memory: 145, loss: 0.0519, grad_norm: 8.4791
2022-11-25 02:37:21,937 - mmpose - INFO - Epoch [1][205/325]	lr: 4.037e-06, eta: 3:00:50, time: 0.057, data_time: 0.001, memory: 145, loss: 0.0502, grad_norm: 7.8064
2022-11-25 02:37:22,206 - mmpose - INFO - Epoch [1][210/325]	lr: 4.039e-06, eta: 2:59:58, time: 0.053, data_time: 0.001, memory: 145, loss: 0.0510, grad_norm: 8.2222
2022-11-25 02:37:22,488 - mmpose - INFO - Epoch [1][215/325]	lr: 4.041e-06, eta: 2:59:21, time: 0.057, data_time: 0.001, memory: 145, loss: 0.0495, grad_norm: 8.4686
2022-11-25 02:37:22,782 - mmpose - INFO - Epoch [1][220/325]	lr: 4.043e-06, eta: 2:58:52, time: 0.059, data_time: 0.001, memory: 145, loss: 0.0461, grad_norm: 7.6192
2022-11-25 02:37:23,042 - mmpose - INFO - Epoch [1][225/325]	lr: 4.045e-06, eta: 2:58:01, time: 0.052, data_time: 0.001, memory: 145, loss: 0.0479, grad_norm: 8.2565
2022-11-25 02:37:23,304 - mmpose - INFO - Epoch [1][230/325]	lr: 4.047e-06, eta: 2:57:14, time: 0.052, data_time: 0.000, memory: 145, loss: 0.0497, grad_norm: 8.7348
2022-11-25 02:37:23,578 - mmpose - INFO - Epoch [1][235/325]	lr: 4.049e-06, eta: 2:56:34, time: 0.054, data_time: 0.001, memory: 145, loss: 0.0471, grad_norm: 8.1731
2022-11-25 02:37:23,849 - mmpose - INFO - Epoch [1][240/325]	lr: 4.051e-06, eta: 2:55:58, time: 0.055, data_time: 0.001, memory: 145, loss: 0.0439, grad_norm: 7.9079
2022-11-25 02:37:24,116 - mmpose - INFO - Epoch [1][245/325]	lr: 4.053e-06, eta: 2:55:19, time: 0.054, data_time: 0.001, memory: 145, loss: 0.0421, grad_norm: 7.5728
2022-11-25 02:37:24,391 - mmpose - INFO - Epoch [1][250/325]	lr: 4.056e-06, eta: 2:54:47, time: 0.055, data_time: 0.000, memory: 145, loss: 0.0415, grad_norm: 7.9425
2022-11-25 02:37:24,670 - mmpose - INFO - Epoch [1][255/325]	lr: 4.058e-06, eta: 2:54:18, time: 0.056, data_time: 0.000, memory: 145, loss: 0.0461, grad_norm: 7.5272
2022-11-25 02:37:24,948 - mmpose - INFO - Epoch [1][260/325]	lr: 4.060e-06, eta: 2:53:49, time: 0.055, data_time: 0.001, memory: 145, loss: 0.0426, grad_norm: 7.8072
2022-11-25 02:37:25,225 - mmpose - INFO - Epoch [1][265/325]	lr: 4.063e-06, eta: 2:53:22, time: 0.056, data_time: 0.001, memory: 145, loss: 0.0372, grad_norm: 6.9316
2022-11-25 02:37:25,500 - mmpose - INFO - Epoch [1][270/325]	lr: 4.065e-06, eta: 2:52:55, time: 0.055, data_time: 0.001, memory: 145, loss: 0.0342, grad_norm: 7.0988
2022-11-25 02:37:25,776 - mmpose - INFO - Epoch [1][275/325]	lr: 4.067e-06, eta: 2:52:29, time: 0.055, data_time: 0.001, memory: 145, loss: 0.0381, grad_norm: 6.8939
2022-11-25 02:37:26,039 - mmpose - INFO - Epoch [1][280/325]	lr: 4.070e-06, eta: 2:51:55, time: 0.052, data_time: 0.000, memory: 145, loss: 0.0456, grad_norm: 8.2448
2022-11-25 02:37:26,318 - mmpose - INFO - Epoch [1][285/325]	lr: 4.072e-06, eta: 2:51:33, time: 0.056, data_time: 0.001, memory: 145, loss: 0.0441, grad_norm: 7.9191
2022-11-25 02:37:26,588 - mmpose - INFO - Epoch [1][290/325]	lr: 4.075e-06, eta: 2:51:07, time: 0.054, data_time: 0.001, memory: 145, loss: 0.0467, grad_norm: 8.2255
2022-11-25 02:37:26,865 - mmpose - INFO - Epoch [1][295/325]	lr: 4.078e-06, eta: 2:50:45, time: 0.056, data_time: 0.000, memory: 145, loss: 0.0324, grad_norm: 6.7146
2022-11-25 02:37:27,135 - mmpose - INFO - Epoch [1][300/325]	lr: 4.080e-06, eta: 2:50:20, time: 0.054, data_time: 0.000, memory: 145, loss: 0.0405, grad_norm: 7.8304
2022-11-25 02:37:27,409 - mmpose - INFO - Epoch [1][305/325]	lr: 4.083e-06, eta: 2:49:58, time: 0.055, data_time: 0.001, memory: 145, loss: 0.0369, grad_norm: 6.9407
2022-11-25 02:37:27,682 - mmpose - INFO - Epoch [1][310/325]	lr: 4.086e-06, eta: 2:49:35, time: 0.054, data_time: 0.001, memory: 145, loss: 0.0518, grad_norm: 8.4475
2022-11-25 02:37:27,946 - mmpose - INFO - Epoch [1][315/325]	lr: 4.088e-06, eta: 2:49:09, time: 0.053, data_time: 0.000, memory: 145, loss: 0.0469, grad_norm: 8.0492
2022-11-25 02:37:28,215 - mmpose - INFO - Epoch [1][320/325]	lr: 4.091e-06, eta: 2:48:46, time: 0.054, data_time: 0.001, memory: 145, loss: 0.0365, grad_norm: 6.7307
2022-11-25 02:37:28,474 - mmpose - INFO - Exp name: pfld_mv2n_112.py
2022-11-25 02:37:28,474 - mmpose - INFO - Epoch [1][325/325]	lr: 4.094e-06, eta: 2:48:20, time: 0.052, data_time: 0.001, memory: 145, loss: 0.0411, grad_norm: 7.1658
2022-11-25 02:37:28,621 - mmpose - INFO - Saving checkpoint at 1 epochs
2022-11-25 02:37:37,256 - mmpose - INFO - Now best checkpoint is saved as best_loss_epoch_1.pth.
2022-11-25 02:37:37,257 - mmpose - INFO - Best loss is 0.2745 at 1 epoch.
2022-11-25 02:37:37,258 - mmpose - INFO - Exp name: pfld_mv2n_112.py
2022-11-25 02:37:37,258 - mmpose - INFO - Epoch(val) [1][960]	loss: 0.2745
2022-11-25 02:37:39,787 - mmpose - INFO - Epoch [2][5/325]	lr: 4.097e-06, eta: 3:06:29, time: 0.505, data_time: 0.442, memory: 145, loss: 0.0402, grad_norm: 7.7077
2022-11-25 02:37:40,068 - mmpose - INFO - Epoch [2][10/325]	lr: 4.100e-06, eta: 3:05:58, time: 0.056, data_time: 0.001, memory: 145, loss: 0.0405, grad_norm: 7.4416
2022-11-25 02:37:40,345 - mmpose - INFO - Epoch [2][15/325]	lr: 4.103e-06, eta: 3:05:25, time: 0.055, data_time: 0.001, memory: 145, loss: 0.0376, grad_norm: 6.5875
2022-11-25 02:37:40,612 - mmpose - INFO - Epoch [2][20/325]	lr: 4.106e-06, eta: 3:04:49, time: 0.053, data_time: 0.001, memory: 145, loss: 0.0433, grad_norm: 7.6748
2022-11-25 02:37:40,883 - mmpose - INFO - Epoch [2][25/325]	lr: 4.109e-06, eta: 3:04:16, time: 0.054, data_time: 0.001, memory: 145, loss: 0.0404, grad_norm: 7.2740
2022-11-25 02:37:41,157 - mmpose - INFO - Epoch [2][30/325]	lr: 4.112e-06, eta: 3:03:45, time: 0.055, data_time: 0.001, memory: 145, loss: 0.0407, grad_norm: 7.0774
2022-11-25 02:37:41,424 - mmpose - INFO - Epoch [2][35/325]	lr: 4.116e-06, eta: 3:03:12, time: 0.054, data_time: 0.001, memory: 145, loss: 0.0429, grad_norm: 7.5834
2022-11-25 02:37:41,694 - mmpose - INFO - Epoch [2][40/325]	lr: 4.119e-06, eta: 3:02:41, time: 0.054, data_time: 0.000, memory: 145, loss: 0.0407, grad_norm: 7.2406
2022-11-25 02:37:41,976 - mmpose - INFO - Epoch [2][45/325]	lr: 4.122e-06, eta: 3:02:16, time: 0.056, data_time: 0.001, memory: 145, loss: 0.0401, grad_norm: 7.8494
2022-11-25 02:37:42,243 - mmpose - INFO - Epoch [2][50/325]	lr: 4.125e-06, eta: 3:01:44, time: 0.053, data_time: 0.001, memory: 145, loss: 0.0441, grad_norm: 7.7173
2022-11-25 02:37:42,520 - mmpose - INFO - Epoch [2][55/325]	lr: 4.129e-06, eta: 3:01:19, time: 0.056, data_time: 0.001, memory: 145, loss: 0.0432, grad_norm: 8.0540
2022-11-25 02:37:42,801 - mmpose - INFO - Epoch [2][60/325]	lr: 4.132e-06, eta: 3:00:56, time: 0.056, data_time: 0.001, memory: 145, loss: 0.0342, grad_norm: 6.8722
2022-11-25 02:37:43,082 - mmpose - INFO - Epoch [2][65/325]	lr: 4.136e-06, eta: 3:00:33, time: 0.056, data_time: 0.001, memory: 145, loss: 0.0419, grad_norm: 7.7339
2022-11-25 02:37:43,349 - mmpose - INFO - Epoch [2][70/325]	lr: 4.139e-06, eta: 3:00:05, time: 0.053, data_time: 0.001, memory: 145, loss: 0.0368, grad_norm: 6.6080
2022-11-25 02:37:43,631 - mmpose - INFO - Epoch [2][75/325]	lr: 4.143e-06, eta: 2:59:43, time: 0.056, data_time: 0.001, memory: 145, loss: 0.0414, grad_norm: 7.3393
2022-11-25 02:37:43,916 - mmpose - INFO - Epoch [2][80/325]	lr: 4.146e-06, eta: 2:59:25, time: 0.057, data_time: 0.001, memory: 145, loss: 0.0404, grad_norm: 7.3126
2022-11-25 02:37:44,175 - mmpose - INFO - Epoch [2][85/325]	lr: 4.150e-06, eta: 2:58:55, time: 0.052, data_time: 0.001, memory: 145, loss: 0.0372, grad_norm: 7.1258
2022-11-25 02:37:44,440 - mmpose - INFO - Epoch [2][90/325]	lr: 4.154e-06, eta: 2:58:30, time: 0.053, data_time: 0.001, memory: 145, loss: 0.0407, grad_norm: 7.4818
2022-11-25 02:37:44,714 - mmpose - INFO - Epoch [2][95/325]	lr: 4.157e-06, eta: 2:58:07, time: 0.055, data_time: 0.001, memory: 145, loss: 0.0410, grad_norm: 7.6780
2022-11-25 02:37:45,001 - mmpose - INFO - Epoch [2][100/325]	lr: 4.161e-06, eta: 2:57:51, time: 0.057, data_time: 0.001, memory: 145, loss: 0.0374, grad_norm: 6.8833
2022-11-25 02:37:45,261 - mmpose - INFO - Epoch [2][105/325]	lr: 4.165e-06, eta: 2:57:24, time: 0.052, data_time: 0.001, memory: 145, loss: 0.0427, grad_norm: 7.2871
2022-11-25 02:37:45,538 - mmpose - INFO - Epoch [2][110/325]	lr: 4.169e-06, eta: 2:57:04, time: 0.055, data_time: 0.001, memory: 145, loss: 0.0376, grad_norm: 7.0502
2022-11-25 02:37:45,813 - mmpose - INFO - Epoch [2][115/325]	lr: 4.173e-06, eta: 2:56:45, time: 0.055, data_time: 0.001, memory: 145, loss: 0.0405, grad_norm: 8.2476
2022-11-25 02:37:46,086 - mmpose - INFO - Epoch [2][120/325]	lr: 4.177e-06, eta: 2:56:25, time: 0.055, data_time: 0.001, memory: 145, loss: 0.0430, grad_norm: 7.3291
2022-11-25 02:37:46,354 - mmpose - INFO - Epoch [2][125/325]	lr: 4.181e-06, eta: 2:56:03, time: 0.054, data_time: 0.000, memory: 145, loss: 0.0432, grad_norm: 7.6170
2022-11-25 02:37:46,636 - mmpose - INFO - Epoch [2][130/325]	lr: 4.185e-06, eta: 2:55:47, time: 0.056, data_time: 0.001, memory: 145, loss: 0.0357, grad_norm: 6.6858
2022-11-25 02:37:46,901 - mmpose - INFO - Epoch [2][135/325]	lr: 4.189e-06, eta: 2:55:25, time: 0.053, data_time: 0.000, memory: 145, loss: 0.0420, grad_norm: 7.3203
2022-11-25 02:37:47,166 - mmpose - INFO - Epoch [2][140/325]	lr: 4.193e-06, eta: 2:55:05, time: 0.053, data_time: 0.001, memory: 145, loss: 0.0395, grad_norm: 6.8943
2022-11-25 02:37:47,443 - mmpose - INFO - Epoch [2][145/325]	lr: 4.197e-06, eta: 2:54:47, time: 0.055, data_time: 0.000, memory: 145, loss: 0.0401, grad_norm: 7.2148
2022-11-25 02:37:47,703 - mmpose - INFO - Epoch [2][150/325]	lr: 4.201e-06, eta: 2:54:26, time: 0.052, data_time: 0.001, memory: 145, loss: 0.0407, grad_norm: 7.2654
2022-11-25 02:37:47,961 - mmpose - INFO - Epoch [2][155/325]	lr: 4.206e-06, eta: 2:54:03, time: 0.051, data_time: 0.000, memory: 145, loss: 0.0386, grad_norm: 7.0405
2022-11-25 02:37:48,240 - mmpose - INFO - Epoch [2][160/325]	lr: 4.210e-06, eta: 2:53:48, time: 0.056, data_time: 0.001, memory: 145, loss: 0.0390, grad_norm: 7.0045
2022-11-25 02:37:48,538 - mmpose - INFO - Epoch [2][165/325]	lr: 4.214e-06, eta: 2:53:40, time: 0.059, data_time: 0.001, memory: 145, loss: 0.0434, grad_norm: 7.9399
2022-11-25 02:37:48,827 - mmpose - INFO - Epoch [2][170/325]	lr: 4.219e-06, eta: 2:53:29, time: 0.058, data_time: 0.001, memory: 145, loss: 0.0380, grad_norm: 7.6723
2022-11-25 02:37:49,113 - mmpose - INFO - Epoch [2][175/325]	lr: 4.223e-06, eta: 2:53:18, time: 0.057, data_time: 0.001, memory: 145, loss: 0.0378, grad_norm: 6.7043
2022-11-25 02:37:49,396 - mmpose - INFO - Epoch [2][180/325]	lr: 4.228e-06, eta: 2:53:05, time: 0.057, data_time: 0.001, memory: 145, loss: 0.0419, grad_norm: 6.8988
2022-11-25 02:37:49,681 - mmpose - INFO - Epoch [2][185/325]	lr: 4.232e-06, eta: 2:52:54, time: 0.057, data_time: 0.000, memory: 145, loss: 0.0381, grad_norm: 7.2871
2022-11-25 02:37:49,972 - mmpose - INFO - Epoch [2][190/325]	lr: 4.237e-06, eta: 2:52:44, time: 0.058, data_time: 0.001, memory: 145, loss: 0.0400, grad_norm: 7.3848
2022-11-25 02:37:50,255 - mmpose - INFO - Epoch [2][195/325]	lr: 4.241e-06, eta: 2:52:32, time: 0.056, data_time: 0.000, memory: 145, loss: 0.0386, grad_norm: 6.6295
2022-11-25 02:37:50,564 - mmpose - INFO - Epoch [2][200/325]	lr: 4.246e-06, eta: 2:52:28, time: 0.062, data_time: 0.001, memory: 145, loss: 0.0374, grad_norm: 6.9415
2022-11-25 02:37:50,852 - mmpose - INFO - Epoch [2][205/325]	lr: 4.251e-06, eta: 2:52:19, time: 0.058, data_time: 0.001, memory: 145, loss: 0.0347, grad_norm: 7.0453
2022-11-25 02:37:51,152 - mmpose - INFO - Epoch [2][210/325]	lr: 4.256e-06, eta: 2:52:12, time: 0.060, data_time: 0.001, memory: 145, loss: 0.0424, grad_norm: 7.0658
2022-11-25 02:37:51,437 - mmpose - INFO - Epoch [2][215/325]	lr: 4.260e-06, eta: 2:52:02, time: 0.057, data_time: 0.001, memory: 145, loss: 0.0379, grad_norm: 6.5396
2022-11-25 02:37:51,742 - mmpose - INFO - Epoch [2][220/325]	lr: 4.265e-06, eta: 2:51:57, time: 0.061, data_time: 0.001, memory: 145, loss: 0.0360, grad_norm: 6.6500
2022-11-25 02:37:52,037 - mmpose - INFO - Epoch [2][225/325]	lr: 4.270e-06, eta: 2:51:50, time: 0.059, data_time: 0.001, memory: 145, loss: 0.0390, grad_norm: 6.9355
2022-11-25 02:37:52,318 - mmpose - INFO - Epoch [2][230/325]	lr: 4.275e-06, eta: 2:51:39, time: 0.056, data_time: 0.001, memory: 145, loss: 0.0390, grad_norm: 7.1990
2022-11-25 02:37:52,601 - mmpose - INFO - Epoch [2][235/325]	lr: 4.280e-06, eta: 2:51:29, time: 0.056, data_time: 0.001, memory: 145, loss: 0.0391, grad_norm: 6.8335
2022-11-25 02:37:52,902 - mmpose - INFO - Epoch [2][240/325]	lr: 4.285e-06, eta: 2:51:24, time: 0.060, data_time: 0.001, memory: 145, loss: 0.0405, grad_norm: 6.6803
2022-11-25 02:37:53,189 - mmpose - INFO - Epoch [2][245/325]	lr: 4.290e-06, eta: 2:51:15, time: 0.057, data_time: 0.001, memory: 145, loss: 0.0403, grad_norm: 7.2598
2022-11-25 02:37:53,491 - mmpose - INFO - Epoch [2][250/325]	lr: 4.295e-06, eta: 2:51:10, time: 0.060, data_time: 0.001, memory: 145, loss: 0.0373, grad_norm: 6.8441
2022-11-25 02:37:53,787 - mmpose - INFO - Epoch [2][255/325]	lr: 4.300e-06, eta: 2:51:04, time: 0.059, data_time: 0.001, memory: 145, loss: 0.0386, grad_norm: 7.1605
2022-11-25 02:37:54,080 - mmpose - INFO - Epoch [2][260/325]	lr: 4.306e-06, eta: 2:50:57, time: 0.059, data_time: 0.000, memory: 145, loss: 0.0391, grad_norm: 6.2977
2022-11-25 02:37:54,387 - mmpose - INFO - Epoch [2][265/325]	lr: 4.311e-06, eta: 2:50:54, time: 0.061, data_time: 0.001, memory: 145, loss: 0.0375, grad_norm: 7.1425
2022-11-25 02:37:54,691 - mmpose - INFO - Epoch [2][270/325]	lr: 4.316e-06, eta: 2:50:50, time: 0.061, data_time: 0.001, memory: 145, loss: 0.0430, grad_norm: 6.9272
2022-11-25 02:37:54,980 - mmpose - INFO - Epoch [2][275/325]	lr: 4.322e-06, eta: 2:50:42, time: 0.058, data_time: 0.001, memory: 145, loss: 0.0355, grad_norm: 6.6863
2022-11-25 02:37:55,271 - mmpose - INFO - Epoch [2][280/325]	lr: 4.327e-06, eta: 2:50:35, time: 0.058, data_time: 0.001, memory: 145, loss: 0.0336, grad_norm: 6.1068
2022-11-25 02:37:55,559 - mmpose - INFO - Epoch [2][285/325]	lr: 4.332e-06, eta: 2:50:27, time: 0.058, data_time: 0.001, memory: 145, loss: 0.0324, grad_norm: 6.4396
2022-11-25 02:37:55,856 - mmpose - INFO - Epoch [2][290/325]	lr: 4.338e-06, eta: 2:50:21, time: 0.059, data_time: 0.001, memory: 145, loss: 0.0386, grad_norm: 6.8020
2022-11-25 02:37:56,149 - mmpose - INFO - Epoch [2][295/325]	lr: 4.343e-06, eta: 2:50:16, time: 0.059, data_time: 0.001, memory: 145, loss: 0.0376, grad_norm: 7.0607
2022-11-25 02:37:56,465 - mmpose - INFO - Epoch [2][300/325]	lr: 4.349e-06, eta: 2:50:15, time: 0.063, data_time: 0.001, memory: 145, loss: 0.0429, grad_norm: 6.7615
2022-11-25 02:37:56,755 - mmpose - INFO - Epoch [2][305/325]	lr: 4.355e-06, eta: 2:50:09, time: 0.058, data_time: 0.001, memory: 145, loss: 0.0349, grad_norm: 6.2187
2022-11-25 02:37:57,045 - mmpose - INFO - Epoch [2][310/325]	lr: 4.360e-06, eta: 2:50:02, time: 0.058, data_time: 0.001, memory: 145, loss: 0.0299, grad_norm: 5.4949
2022-11-25 02:37:57,306 - mmpose - INFO - Epoch [2][315/325]	lr: 4.366e-06, eta: 2:49:48, time: 0.052, data_time: 0.001, memory: 145, loss: 0.0375, grad_norm: 6.2564
2022-11-25 02:37:57,575 - mmpose - INFO - Epoch [2][320/325]	lr: 4.372e-06, eta: 2:49:36, time: 0.054, data_time: 0.001, memory: 145, loss: 0.0355, grad_norm: 6.6908
2022-11-25 02:37:57,830 - mmpose - INFO - Exp name: pfld_mv2n_112.py
2022-11-25 02:37:57,830 - mmpose - INFO - Epoch [2][325/325]	lr: 4.377e-06, eta: 2:49:21, time: 0.051, data_time: 0.001, memory: 145, loss: 0.0372, grad_norm: 6.5428
2022-11-25 02:37:57,990 - mmpose - INFO - Saving checkpoint at 2 epochs
2022-11-25 02:38:06,460 - mmpose - INFO - The previous best checkpoint /home/dq/github/edgelab/work_dirs/pfld_mv2n_112/exp15/best_loss_epoch_1.pth was removed
2022-11-25 02:38:06,492 - mmpose - INFO - Now best checkpoint is saved as best_loss_epoch_2.pth.
2022-11-25 02:38:06,492 - mmpose - INFO - Best loss is 0.2599 at 2 epoch.
2022-11-25 02:38:06,494 - mmpose - INFO - Exp name: pfld_mv2n_112.py
2022-11-25 02:38:06,494 - mmpose - INFO - Epoch(val) [2][960]	loss: 0.2599
2022-11-25 02:38:09,048 - mmpose - INFO - Epoch [3][5/325]	lr: 4.383e-06, eta: 2:58:33, time: 0.510, data_time: 0.445, memory: 145, loss: 0.0392, grad_norm: 7.2180
2022-11-25 02:38:09,344 - mmpose - INFO - Epoch [3][10/325]	lr: 4.389e-06, eta: 2:58:25, time: 0.060, data_time: 0.001, memory: 145, loss: 0.0398, grad_norm: 7.3072
2022-11-25 02:38:09,639 - mmpose - INFO - Epoch [3][15/325]	lr: 4.395e-06, eta: 2:58:16, time: 0.059, data_time: 0.001, memory: 145, loss: 0.0370, grad_norm: 6.3764
2022-11-25 02:38:09,929 - mmpose - INFO - Epoch [3][20/325]	lr: 4.401e-06, eta: 2:58:06, time: 0.058, data_time: 0.000, memory: 145, loss: 0.0311, grad_norm: 6.2804
2022-11-25 02:38:10,225 - mmpose - INFO - Epoch [3][25/325]	lr: 4.407e-06, eta: 2:57:57, time: 0.059, data_time: 0.001, memory: 145, loss: 0.0369, grad_norm: 6.5343
2022-11-25 02:38:10,510 - mmpose - INFO - Epoch [3][30/325]	lr: 4.413e-06, eta: 2:57:46, time: 0.057, data_time: 0.001, memory: 145, loss: 0.0420, grad_norm: 7.4996
2022-11-25 02:38:10,796 - mmpose - INFO - Epoch [3][35/325]	lr: 4.419e-06, eta: 2:57:35, time: 0.057, data_time: 0.001, memory: 145, loss: 0.0361, grad_norm: 5.9694
2022-11-25 02:38:11,082 - mmpose - INFO - Epoch [3][40/325]	lr: 4.425e-06, eta: 2:57:25, time: 0.057, data_time: 0.001, memory: 145, loss: 0.0440, grad_norm: 7.4705
2022-11-25 02:38:11,366 - mmpose - INFO - Epoch [3][45/325]	lr: 4.431e-06, eta: 2:57:14, time: 0.057, data_time: 0.000, memory: 145, loss: 0.0327, grad_norm: 6.6135
2022-11-25 02:38:11,663 - mmpose - INFO - Epoch [3][50/325]	lr: 4.438e-06, eta: 2:57:07, time: 0.059, data_time: 0.000, memory: 145, loss: 0.0365, grad_norm: 6.8362
2022-11-25 02:38:11,940 - mmpose - INFO - Epoch [3][55/325]	lr: 4.444e-06, eta: 2:56:54, time: 0.055, data_time: 0.001, memory: 145, loss: 0.0363, grad_norm: 6.5097
2022-11-25 02:38:12,234 - mmpose - INFO - Epoch [3][60/325]	lr: 4.450e-06, eta: 2:56:46, time: 0.059, data_time: 0.001, memory: 145, loss: 0.0420, grad_norm: 6.7919
2022-11-25 02:38:12,525 - mmpose - INFO - Epoch [3][65/325]	lr: 4.457e-06, eta: 2:56:38, time: 0.058, data_time: 0.000, memory: 145, loss: 0.0379, grad_norm: 6.6784
2022-11-25 02:38:12,817 - mmpose - INFO - Epoch [3][70/325]	lr: 4.463e-06, eta: 2:56:29, time: 0.058, data_time: 0.000, memory: 145, loss: 0.0362, grad_norm: 6.1952
2022-11-25 02:38:13,107 - mmpose - INFO - Epoch [3][75/325]	lr: 4.469e-06, eta: 2:56:21, time: 0.058, data_time: 0.001, memory: 145, loss: 0.0369, grad_norm: 6.5950
2022-11-25 02:38:13,402 - mmpose - INFO - Epoch [3][80/325]	lr: 4.476e-06, eta: 2:56:13, time: 0.059, data_time: 0.001, memory: 145, loss: 0.0357, grad_norm: 6.3131
2022-11-25 02:38:13,692 - mmpose - INFO - Epoch [3][85/325]	lr: 4.483e-06, eta: 2:56:05, time: 0.058, data_time: 0.001, memory: 145, loss: 0.0357, grad_norm: 6.3720
2022-11-25 02:38:14,015 - mmpose - INFO - Epoch [3][90/325]	lr: 4.489e-06, eta: 2:56:04, time: 0.065, data_time: 0.001, memory: 145, loss: 0.0377, grad_norm: 6.1311
2022-11-25 02:38:14,309 - mmpose - INFO - Epoch [3][95/325]	lr: 4.496e-06, eta: 2:55:56, time: 0.059, data_time: 0.001, memory: 145, loss: 0.0368, grad_norm: 6.4509
2022-11-25 02:38:14,594 - mmpose - INFO - Epoch [3][100/325]	lr: 4.502e-06, eta: 2:55:47, time: 0.057, data_time: 0.001, memory: 145, loss: 0.0367, grad_norm: 6.8244
2022-11-25 02:38:14,849 - mmpose - INFO - Epoch [3][105/325]	lr: 4.509e-06, eta: 2:55:32, time: 0.051, data_time: 0.000, memory: 145, loss: 0.0300, grad_norm: 5.4720
2022-11-25 02:38:15,132 - mmpose - INFO - Epoch [3][110/325]	lr: 4.516e-06, eta: 2:55:22, time: 0.056, data_time: 0.000, memory: 145, loss: 0.0414, grad_norm: 6.7795
2022-11-25 02:38:15,414 - mmpose - INFO - Epoch [3][115/325]	lr: 4.523e-06, eta: 2:55:13, time: 0.057, data_time: 0.001, memory: 145, loss: 0.0420, grad_norm: 6.7906
2022-11-25 02:38:15,680 - mmpose - INFO - Epoch [3][120/325]	lr: 4.530e-06, eta: 2:54:59, time: 0.053, data_time: 0.001, memory: 145, loss: 0.0442, grad_norm: 6.6429
2022-11-25 02:38:15,968 - mmpose - INFO - Epoch [3][125/325]	lr: 4.536e-06, eta: 2:54:52, time: 0.058, data_time: 0.002, memory: 145, loss: 0.0368, grad_norm: 6.5039
2022-11-25 02:38:16,238 - mmpose - INFO - Epoch [3][130/325]	lr: 4.543e-06, eta: 2:54:40, time: 0.054, data_time: 0.001, memory: 145, loss: 0.0406, grad_norm: 6.8588
2022-11-25 02:38:16,513 - mmpose - INFO - Epoch [3][135/325]	lr: 4.550e-06, eta: 2:54:30, time: 0.055, data_time: 0.001, memory: 145, loss: 0.0374, grad_norm: 6.4863
2022-11-25 02:38:16,763 - mmpose - INFO - Epoch [3][140/325]	lr: 4.557e-06, eta: 2:54:15, time: 0.050, data_time: 0.000, memory: 145, loss: 0.0399, grad_norm: 6.2670
2022-11-25 02:38:17,032 - mmpose - INFO - Epoch [3][145/325]	lr: 4.564e-06, eta: 2:54:03, time: 0.054, data_time: 0.000, memory: 145, loss: 0.0379, grad_norm: 6.6891
2022-11-25 02:38:17,308 - mmpose - INFO - Epoch [3][150/325]	lr: 4.572e-06, eta: 2:53:53, time: 0.055, data_time: 0.001, memory: 145, loss: 0.0384, grad_norm: 6.7022
2022-11-25 02:38:17,572 - mmpose - INFO - Epoch [3][155/325]	lr: 4.579e-06, eta: 2:53:41, time: 0.053, data_time: 0.001, memory: 145, loss: 0.0394, grad_norm: 6.1821
2022-11-25 02:38:17,831 - mmpose - INFO - Epoch [3][160/325]	lr: 4.586e-06, eta: 2:53:28, time: 0.052, data_time: 0.000, memory: 145, loss: 0.0409, grad_norm: 6.6392
2022-11-25 02:38:18,109 - mmpose - INFO - Epoch [3][165/325]	lr: 4.593e-06, eta: 2:53:19, time: 0.055, data_time: 0.001, memory: 145, loss: 0.0402, grad_norm: 6.9115
2022-11-25 02:38:18,389 - mmpose - INFO - Epoch [3][170/325]	lr: 4.601e-06, eta: 2:53:11, time: 0.056, data_time: 0.001, memory: 145, loss: 0.0349, grad_norm: 6.0958
2022-11-25 02:38:18,646 - mmpose - INFO - Epoch [3][175/325]	lr: 4.608e-06, eta: 2:52:57, time: 0.051, data_time: 0.000, memory: 145, loss: 0.0390, grad_norm: 6.5544
2022-11-25 02:38:18,917 - mmpose - INFO - Epoch [3][180/325]	lr: 4.615e-06, eta: 2:52:48, time: 0.055, data_time: 0.001, memory: 145, loss: 0.0311, grad_norm: 5.7569
2022-11-25 02:38:19,212 - mmpose - INFO - Epoch [3][185/325]	lr: 4.623e-06, eta: 2:52:42, time: 0.059, data_time: 0.001, memory: 145, loss: 0.0287, grad_norm: 5.6824
2022-11-25 02:38:19,476 - mmpose - INFO - Epoch [3][190/325]	lr: 4.630e-06, eta: 2:52:31, time: 0.053, data_time: 0.001, memory: 145, loss: 0.0315, grad_norm: 5.6985
2022-11-25 02:38:19,767 - mmpose - INFO - Epoch [3][195/325]	lr: 4.638e-06, eta: 2:52:25, time: 0.058, data_time: 0.001, memory: 145, loss: 0.0354, grad_norm: 6.2544
2022-11-25 02:38:20,034 - mmpose - INFO - Epoch [3][200/325]	lr: 4.645e-06, eta: 2:52:15, time: 0.053, data_time: 0.001, memory: 145, loss: 0.0398, grad_norm: 6.4023
2022-11-25 02:38:20,306 - mmpose - INFO - Epoch [3][205/325]	lr: 4.653e-06, eta: 2:52:06, time: 0.054, data_time: 0.001, memory: 145, loss: 0.0387, grad_norm: 6.5441
2022-11-25 02:38:20,560 - mmpose - INFO - Epoch [3][210/325]	lr: 4.660e-06, eta: 2:51:53, time: 0.051, data_time: 0.000, memory: 145, loss: 0.0360, grad_norm: 6.1329
2022-11-25 02:38:20,831 - mmpose - INFO - Epoch [3][215/325]	lr: 4.668e-06, eta: 2:51:44, time: 0.054, data_time: 0.001, memory: 145, loss: 0.0349, grad_norm: 6.3591
2022-11-25 02:38:21,111 - mmpose - INFO - Epoch [3][220/325]	lr: 4.676e-06, eta: 2:51:36, time: 0.056, data_time: 0.001, memory: 145, loss: 0.0351, grad_norm: 6.2971
2022-11-25 02:38:21,380 - mmpose - INFO - Epoch [3][225/325]	lr: 4.684e-06, eta: 2:51:27, time: 0.054, data_time: 0.000, memory: 145, loss: 0.0376, grad_norm: 6.3809
2022-11-25 02:38:21,651 - mmpose - INFO - Epoch [3][230/325]	lr: 4.691e-06, eta: 2:51:18, time: 0.054, data_time: 0.000, memory: 145, loss: 0.0357, grad_norm: 6.3856
2022-11-25 02:38:21,915 - mmpose - INFO - Epoch [3][235/325]	lr: 4.699e-06, eta: 2:51:07, time: 0.053, data_time: 0.000, memory: 145, loss: 0.0360, grad_norm: 6.1356
2022-11-25 02:38:22,186 - mmpose - INFO - Epoch [3][240/325]	lr: 4.707e-06, eta: 2:50:59, time: 0.054, data_time: 0.001, memory: 145, loss: 0.0324, grad_norm: 5.6590
2022-11-25 02:38:22,441 - mmpose - INFO - Epoch [3][245/325]	lr: 4.715e-06, eta: 2:50:47, time: 0.051, data_time: 0.000, memory: 145, loss: 0.0387, grad_norm: 6.5837
2022-11-25 02:38:22,708 - mmpose - INFO - Epoch [3][250/325]	lr: 4.723e-06, eta: 2:50:38, time: 0.054, data_time: 0.001, memory: 145, loss: 0.0344, grad_norm: 5.9166
2022-11-25 02:38:22,987 - mmpose - INFO - Epoch [3][255/325]	lr: 4.731e-06, eta: 2:50:30, time: 0.055, data_time: 0.001, memory: 145, loss: 0.0362, grad_norm: 5.9583
2022-11-25 02:38:23,267 - mmpose - INFO - Epoch [3][260/325]	lr: 4.739e-06, eta: 2:50:24, time: 0.056, data_time: 0.001, memory: 145, loss: 0.0345, grad_norm: 5.9058
2022-11-25 02:38:23,532 - mmpose - INFO - Epoch [3][265/325]	lr: 4.748e-06, eta: 2:50:14, time: 0.053, data_time: 0.001, memory: 145, loss: 0.0310, grad_norm: 5.4210
2022-11-25 02:38:23,802 - mmpose - INFO - Epoch [3][270/325]	lr: 4.756e-06, eta: 2:50:06, time: 0.053, data_time: 0.001, memory: 145, loss: 0.0398, grad_norm: 6.4287
2022-11-25 02:38:24,078 - mmpose - INFO - Epoch [3][275/325]	lr: 4.764e-06, eta: 2:49:59, time: 0.056, data_time: 0.001, memory: 145, loss: 0.0424, grad_norm: 6.9213
2022-11-25 02:38:24,349 - mmpose - INFO - Epoch [3][280/325]	lr: 4.772e-06, eta: 2:49:51, time: 0.054, data_time: 0.000, memory: 145, loss: 0.0353, grad_norm: 5.8823
2022-11-25 02:38:24,619 - mmpose - INFO - Epoch [3][285/325]	lr: 4.780e-06, eta: 2:49:42, time: 0.054, data_time: 0.000, memory: 145, loss: 0.0337, grad_norm: 6.1272
2022-11-25 02:38:24,892 - mmpose - INFO - Epoch [3][290/325]	lr: 4.789e-06, eta: 2:49:35, time: 0.054, data_time: 0.000, memory: 145, loss: 0.0416, grad_norm: 6.0594
2022-11-25 02:38:25,158 - mmpose - INFO - Epoch [3][295/325]	lr: 4.797e-06, eta: 2:49:26, time: 0.053, data_time: 0.001, memory: 145, loss: 0.0366, grad_norm: 6.3970
2022-11-25 02:38:25,419 - mmpose - INFO - Epoch [3][300/325]	lr: 4.806e-06, eta: 2:49:17, time: 0.052, data_time: 0.001, memory: 145, loss: 0.0370, grad_norm: 5.9986
2022-11-25 02:38:25,697 - mmpose - INFO - Epoch [3][305/325]	lr: 4.814e-06, eta: 2:49:10, time: 0.055, data_time: 0.001, memory: 145, loss: 0.0374, grad_norm: 6.1635
2022-11-25 02:38:25,977 - mmpose - INFO - Epoch [3][310/325]	lr: 4.823e-06, eta: 2:49:04, time: 0.056, data_time: 0.001, memory: 145, loss: 0.0340, grad_norm: 5.7084
2022-11-25 02:38:26,250 - mmpose - INFO - Epoch [3][315/325]	lr: 4.831e-06, eta: 2:48:57, time: 0.055, data_time: 0.001, memory: 145, loss: 0.0382, grad_norm: 6.0256
2022-11-25 02:38:26,523 - mmpose - INFO - Epoch [3][320/325]	lr: 4.840e-06, eta: 2:48:50, time: 0.055, data_time: 0.000, memory: 145, loss: 0.0384, grad_norm: 6.1844
2022-11-25 02:38:26,781 - mmpose - INFO - Exp name: pfld_mv2n_112.py
2022-11-25 02:38:26,781 - mmpose - INFO - Epoch [3][325/325]	lr: 4.849e-06, eta: 2:48:40, time: 0.051, data_time: 0.000, memory: 145, loss: 0.0380, grad_norm: 6.0050
2022-11-25 02:38:26,905 - mmpose - INFO - Saving checkpoint at 3 epochs
2022-11-25 02:38:36,211 - mmpose - INFO - Exp name: pfld_mv2n_112.py
2022-11-25 02:38:36,211 - mmpose - INFO - Epoch(val) [3][960]	loss: 0.2604
