2022-11-23 12:48:17,278 - mmpose - INFO - Environment info:
------------------------------------------------------------
sys.platform: linux
Python: 3.8.0 (default, Nov  6 2019, 21:49:08) [GCC 7.3.0]
CUDA available: True
GPU 0: NVIDIA A100-PCIE-40GB
CUDA_HOME: /usr
NVCC: Cuda compilation tools, release 10.1, V10.1.24
GCC: gcc (Ubuntu 9.4.0-1ubuntu1~20.04.1) 9.4.0
PyTorch: 1.10.0+cu113
PyTorch compiling details: PyTorch built with:
  - GCC 7.3
  - C++ Version: 201402
  - Intel(R) Math Kernel Library Version 2020.0.0 Product Build 20191122 for Intel(R) 64 architecture applications
  - Intel(R) MKL-DNN v2.2.3 (Git Hash 7336ca9f055cf1bfa13efb658fe15dc9b41f0740)
  - OpenMP 201511 (a.k.a. OpenMP 4.5)
  - LAPACK is enabled (usually provided by MKL)
  - NNPACK is enabled
  - CPU capability usage: AVX512
  - CUDA Runtime 11.3
  - NVCC architecture flags: -gencode;arch=compute_37,code=sm_37;-gencode;arch=compute_50,code=sm_50;-gencode;arch=compute_60,code=sm_60;-gencode;arch=compute_70,code=sm_70;-gencode;arch=compute_75,code=sm_75;-gencode;arch=compute_80,code=sm_80;-gencode;arch=compute_86,code=sm_86
  - CuDNN 8.2
  - Magma 2.5.2
  - Build settings: BLAS_INFO=mkl, BUILD_TYPE=Release, CUDA_VERSION=11.3, CUDNN_VERSION=8.2.0, CXX_COMPILER=/opt/rh/devtoolset-7/root/usr/bin/c++, CXX_FLAGS= -Wno-deprecated -fvisibility-inlines-hidden -DUSE_PTHREADPOOL -fopenmp -DNDEBUG -DUSE_KINETO -DUSE_FBGEMM -DUSE_QNNPACK -DUSE_PYTORCH_QNNPACK -DUSE_XNNPACK -DSYMBOLICATE_MOBILE_DEBUG_HANDLE -DEDGE_PROFILER_USE_KINETO -O2 -fPIC -Wno-narrowing -Wall -Wextra -Werror=return-type -Wno-missing-field-initializers -Wno-type-limits -Wno-array-bounds -Wno-unknown-pragmas -Wno-sign-compare -Wno-unused-parameter -Wno-unused-variable -Wno-unused-function -Wno-unused-result -Wno-unused-local-typedefs -Wno-strict-overflow -Wno-strict-aliasing -Wno-error=deprecated-declarations -Wno-stringop-overflow -Wno-psabi -Wno-error=pedantic -Wno-error=redundant-decls -Wno-error=old-style-cast -fdiagnostics-color=always -faligned-new -Wno-unused-but-set-variable -Wno-maybe-uninitialized -fno-math-errno -fno-trapping-math -Werror=format -Wno-stringop-overflow, LAPACK_INFO=mkl, PERF_WITH_AVX=1, PERF_WITH_AVX2=1, PERF_WITH_AVX512=1, TORCH_VERSION=1.10.0, USE_CUDA=ON, USE_CUDNN=ON, USE_EXCEPTION_PTR=1, USE_GFLAGS=OFF, USE_GLOG=OFF, USE_MKL=ON, USE_MKLDNN=ON, USE_MPI=OFF, USE_NCCL=ON, USE_NNPACK=ON, USE_OPENMP=ON, 

TorchVision: 0.11.1+cu113
OpenCV: 4.6.0
MMCV: 1.6.2
MMCV Compiler: GCC 9.4
MMCV CUDA Compiler: 10.1
MMPose: 0.29.0+e05eca2
------------------------------------------------------------

2022-11-23 12:48:17,322 - mmpose - INFO - Distributed training: False
2022-11-23 12:48:17,345 - mmpose - INFO - Config:
checkpoint_config = dict(interval=1)
log_config = dict(interval=5, hooks=[dict(type='TextLoggerHook')])
log_level = 'INFO'
load_from = None
resume_from = None
dist_params = dict(backend='nccl')
workflow = [('train', 1)]
opencv_num_threads = 1
mp_start_method = 'fork'
custom_imports = dict(
    imports=['models', 'datasets'], allow_failed_imports=False)
model = dict(
    type='PFLD',
    backbone=dict(type='PFLDInference'),
    loss_cfg=dict(type='PFLDLoss'))
dataset_type = 'MeterData'
data = dict(
    samples_per_gpu=16,
    workers_per_gpu=2,
    train=dict(
        type='MeterData',
        index_file='/home/dq/gitlab/datasets/table/train_data/list_d.txt',
        transform=True),
    val=dict(
        type='MeterData',
        index_file='/home/dq/gitlab/datasets/table/test_data/list_d.txt',
        transform=False),
    test=dict(
        type='MeterData',
        index_file='/home/dq/gitlab/datasets/table/test_data/list_d.txt',
        transform=False))
evaluation = dict(save_best='loss')
optimizer = dict(type='Adam', lr=0.0001, betas=(0.9, 0.99), weight_decay=1e-06)
optimizer_config = dict(grad_clip=dict(max_norm=35, norm_type=2))
lr_config = dict(
    policy='step',
    warmup='linear',
    warmup_iters=400,
    warmup_ratio=0.0001,
    step=[440, 490])
total_epochs = 500
find_unused_parameters = True
work_dir = '/home/dq/github/edgelab/work_dirs/pfld_mv2n_112/exp2'
auto_resume = False
gpu_ids = [0]

2022-11-23 12:48:17,345 - mmpose - INFO - Set random seed to 800082441, deterministic: False
2022-11-23 12:48:24,042 - mmpose - INFO - Start running, host: dq@stu, work_dir: /home/dq/github/edgelab/work_dirs/pfld_mv2n_112/exp2
2022-11-23 12:48:24,042 - mmpose - INFO - Hooks will be executed in the following order:
before_run:
(VERY_HIGH   ) StepLrUpdaterHook                  
(NORMAL      ) CheckpointHook                     
(NORMAL      ) EvalHook                           
(VERY_LOW    ) TextLoggerHook                     
 -------------------- 
before_train_epoch:
(VERY_HIGH   ) StepLrUpdaterHook                  
(NORMAL      ) EvalHook                           
(LOW         ) IterTimerHook                      
(VERY_LOW    ) TextLoggerHook                     
 -------------------- 
before_train_iter:
(VERY_HIGH   ) StepLrUpdaterHook                  
(NORMAL      ) EvalHook                           
(LOW         ) IterTimerHook                      
 -------------------- 
after_train_iter:
(ABOVE_NORMAL) OptimizerHook                      
(NORMAL      ) CheckpointHook                     
(NORMAL      ) EvalHook                           
(LOW         ) IterTimerHook                      
(VERY_LOW    ) TextLoggerHook                     
 -------------------- 
after_train_epoch:
(NORMAL      ) CheckpointHook                     
(NORMAL      ) EvalHook                           
(VERY_LOW    ) TextLoggerHook                     
 -------------------- 
before_val_epoch:
(LOW         ) IterTimerHook                      
(VERY_LOW    ) TextLoggerHook                     
 -------------------- 
before_val_iter:
(LOW         ) IterTimerHook                      
 -------------------- 
after_val_iter:
(LOW         ) IterTimerHook                      
 -------------------- 
after_val_epoch:
(VERY_LOW    ) TextLoggerHook                     
 -------------------- 
after_run:
(VERY_LOW    ) TextLoggerHook                     
 -------------------- 
2022-11-23 12:48:24,043 - mmpose - INFO - workflow: [('train', 1)], max: 500 epochs
2022-11-23 12:48:24,043 - mmpose - INFO - Checkpoints will be saved to /home/dq/github/edgelab/work_dirs/pfld_mv2n_112/exp2 by HardDiskBackend.
2022-11-23 12:48:26,789 - mmpose - INFO - Epoch [1][5/325]	lr: 1.010e-06, eta: 1 day, 0:46:12, time: 0.549, data_time: 0.470, memory: 145, loss: 0.3909, grad_norm: 25.1764
2022-11-23 12:48:27,074 - mmpose - INFO - Epoch [1][10/325]	lr: 2.260e-06, eta: 13:40:17, time: 0.057, data_time: 0.001, memory: 145, loss: 0.3807, grad_norm: 26.1419
2022-11-23 12:48:27,360 - mmpose - INFO - Epoch [1][15/325]	lr: 3.510e-06, eta: 9:58:26, time: 0.057, data_time: 0.000, memory: 145, loss: 0.4020, grad_norm: 26.9186
2022-11-23 12:48:27,643 - mmpose - INFO - Epoch [1][20/325]	lr: 4.760e-06, eta: 8:07:01, time: 0.056, data_time: 0.000, memory: 145, loss: 0.3826, grad_norm: 26.6425
2022-11-23 12:48:27,928 - mmpose - INFO - Epoch [1][25/325]	lr: 6.009e-06, eta: 7:00:34, time: 0.057, data_time: 0.001, memory: 145, loss: 0.3907, grad_norm: 25.5306
2022-11-23 12:48:28,207 - mmpose - INFO - Epoch [1][30/325]	lr: 7.259e-06, eta: 6:15:43, time: 0.056, data_time: 0.000, memory: 145, loss: 0.3642, grad_norm: 24.4431
2022-11-23 12:48:28,489 - mmpose - INFO - Epoch [1][35/325]	lr: 8.509e-06, eta: 5:43:49, time: 0.056, data_time: 0.000, memory: 145, loss: 0.3598, grad_norm: 24.1787
2022-11-23 12:48:28,784 - mmpose - INFO - Epoch [1][40/325]	lr: 9.759e-06, eta: 5:20:48, time: 0.059, data_time: 0.000, memory: 145, loss: 0.3534, grad_norm: 26.2488
2022-11-23 12:48:29,081 - mmpose - INFO - Epoch [1][45/325]	lr: 1.101e-05, eta: 5:02:58, time: 0.059, data_time: 0.001, memory: 145, loss: 0.2793, grad_norm: 23.6418
2022-11-23 12:48:29,371 - mmpose - INFO - Epoch [1][50/325]	lr: 1.226e-05, eta: 4:48:21, time: 0.058, data_time: 0.001, memory: 145, loss: 0.2568, grad_norm: 22.3321
2022-11-23 12:48:29,659 - mmpose - INFO - Epoch [1][55/325]	lr: 1.351e-05, eta: 4:36:21, time: 0.058, data_time: 0.001, memory: 145, loss: 0.3163, grad_norm: 23.9912
2022-11-23 12:48:29,938 - mmpose - INFO - Epoch [1][60/325]	lr: 1.476e-05, eta: 4:25:52, time: 0.056, data_time: 0.000, memory: 145, loss: 0.2307, grad_norm: 20.2958
2022-11-23 12:48:30,254 - mmpose - INFO - Epoch [1][65/325]	lr: 1.601e-05, eta: 4:18:35, time: 0.063, data_time: 0.001, memory: 145, loss: 0.2007, grad_norm: 19.3729
2022-11-23 12:48:30,539 - mmpose - INFO - Epoch [1][70/325]	lr: 1.726e-05, eta: 4:11:04, time: 0.057, data_time: 0.001, memory: 145, loss: 0.1933, grad_norm: 19.2288
2022-11-23 12:48:30,818 - mmpose - INFO - Epoch [1][75/325]	lr: 1.851e-05, eta: 4:04:26, time: 0.056, data_time: 0.001, memory: 145, loss: 0.1634, grad_norm: 18.8552
2022-11-23 12:48:31,126 - mmpose - INFO - Epoch [1][80/325]	lr: 1.976e-05, eta: 3:59:34, time: 0.062, data_time: 0.000, memory: 145, loss: 0.1564, grad_norm: 16.6760
2022-11-23 12:48:31,402 - mmpose - INFO - Epoch [1][85/325]	lr: 2.101e-05, eta: 3:54:17, time: 0.055, data_time: 0.001, memory: 145, loss: 0.1589, grad_norm: 18.7995
2022-11-23 12:48:31,693 - mmpose - INFO - Epoch [1][90/325]	lr: 2.226e-05, eta: 3:49:59, time: 0.058, data_time: 0.001, memory: 145, loss: 0.1562, grad_norm: 17.8098
2022-11-23 12:48:31,968 - mmpose - INFO - Epoch [1][95/325]	lr: 2.351e-05, eta: 3:45:44, time: 0.055, data_time: 0.000, memory: 145, loss: 0.1666, grad_norm: 18.1938
2022-11-23 12:48:32,258 - mmpose - INFO - Epoch [1][100/325]	lr: 2.476e-05, eta: 3:42:16, time: 0.058, data_time: 0.001, memory: 145, loss: 0.1487, grad_norm: 17.0875
2022-11-23 12:48:32,533 - mmpose - INFO - Epoch [1][105/325]	lr: 2.601e-05, eta: 3:38:47, time: 0.055, data_time: 0.001, memory: 145, loss: 0.1590, grad_norm: 18.7869
2022-11-23 12:48:32,812 - mmpose - INFO - Epoch [1][110/325]	lr: 2.726e-05, eta: 3:35:38, time: 0.055, data_time: 0.001, memory: 145, loss: 0.1659, grad_norm: 19.0784
2022-11-23 12:48:33,086 - mmpose - INFO - Epoch [1][115/325]	lr: 2.851e-05, eta: 3:32:45, time: 0.055, data_time: 0.001, memory: 145, loss: 0.1618, grad_norm: 18.0025
2022-11-23 12:48:33,365 - mmpose - INFO - Epoch [1][120/325]	lr: 2.976e-05, eta: 3:30:10, time: 0.056, data_time: 0.001, memory: 145, loss: 0.1378, grad_norm: 17.7551
2022-11-23 12:48:33,644 - mmpose - INFO - Epoch [1][125/325]	lr: 3.101e-05, eta: 3:27:48, time: 0.056, data_time: 0.001, memory: 145, loss: 0.1610, grad_norm: 18.4849
