2022-11-25 02:35:34,443 - mmpose - INFO - Environment info:
------------------------------------------------------------
sys.platform: linux
Python: 3.8.0 (default, Nov  6 2019, 21:49:08) [GCC 7.3.0]
CUDA available: True
GPU 0: NVIDIA A100-PCIE-40GB
CUDA_HOME: /usr
NVCC: Cuda compilation tools, release 10.1, V10.1.24
GCC: gcc (Ubuntu 9.4.0-1ubuntu1~20.04.1) 9.4.0
PyTorch: 1.10.0+cu113
PyTorch compiling details: PyTorch built with:
  - GCC 7.3
  - C++ Version: 201402
  - Intel(R) Math Kernel Library Version 2020.0.0 Product Build 20191122 for Intel(R) 64 architecture applications
  - Intel(R) MKL-DNN v2.2.3 (Git Hash 7336ca9f055cf1bfa13efb658fe15dc9b41f0740)
  - OpenMP 201511 (a.k.a. OpenMP 4.5)
  - LAPACK is enabled (usually provided by MKL)
  - NNPACK is enabled
  - CPU capability usage: AVX512
  - CUDA Runtime 11.3
  - NVCC architecture flags: -gencode;arch=compute_37,code=sm_37;-gencode;arch=compute_50,code=sm_50;-gencode;arch=compute_60,code=sm_60;-gencode;arch=compute_70,code=sm_70;-gencode;arch=compute_75,code=sm_75;-gencode;arch=compute_80,code=sm_80;-gencode;arch=compute_86,code=sm_86
  - CuDNN 8.2
  - Magma 2.5.2
  - Build settings: BLAS_INFO=mkl, BUILD_TYPE=Release, CUDA_VERSION=11.3, CUDNN_VERSION=8.2.0, CXX_COMPILER=/opt/rh/devtoolset-7/root/usr/bin/c++, CXX_FLAGS= -Wno-deprecated -fvisibility-inlines-hidden -DUSE_PTHREADPOOL -fopenmp -DNDEBUG -DUSE_KINETO -DUSE_FBGEMM -DUSE_QNNPACK -DUSE_PYTORCH_QNNPACK -DUSE_XNNPACK -DSYMBOLICATE_MOBILE_DEBUG_HANDLE -DEDGE_PROFILER_USE_KINETO -O2 -fPIC -Wno-narrowing -Wall -Wextra -Werror=return-type -Wno-missing-field-initializers -Wno-type-limits -Wno-array-bounds -Wno-unknown-pragmas -Wno-sign-compare -Wno-unused-parameter -Wno-unused-variable -Wno-unused-function -Wno-unused-result -Wno-unused-local-typedefs -Wno-strict-overflow -Wno-strict-aliasing -Wno-error=deprecated-declarations -Wno-stringop-overflow -Wno-psabi -Wno-error=pedantic -Wno-error=redundant-decls -Wno-error=old-style-cast -fdiagnostics-color=always -faligned-new -Wno-unused-but-set-variable -Wno-maybe-uninitialized -fno-math-errno -fno-trapping-math -Werror=format -Wno-stringop-overflow, LAPACK_INFO=mkl, PERF_WITH_AVX=1, PERF_WITH_AVX2=1, PERF_WITH_AVX512=1, TORCH_VERSION=1.10.0, USE_CUDA=ON, USE_CUDNN=ON, USE_EXCEPTION_PTR=1, USE_GFLAGS=OFF, USE_GLOG=OFF, USE_MKL=ON, USE_MKLDNN=ON, USE_MPI=OFF, USE_NCCL=ON, USE_NNPACK=ON, USE_OPENMP=ON, 

TorchVision: 0.11.1+cu113
OpenCV: 4.6.0
MMCV: 1.6.2
MMCV Compiler: GCC 9.4
MMCV CUDA Compiler: 10.1
MMPose: 0.29.0+80fffc6
------------------------------------------------------------

2022-11-25 02:35:34,556 - mmpose - INFO - Distributed training: False
2022-11-25 02:35:34,808 - mmpose - INFO - Config:
checkpoint_config = dict(interval=1)
log_config = dict(interval=5, hooks=[dict(type='TextLoggerHook')])
log_level = 'INFO'
load_from = None
resume_from = None
dist_params = dict(backend='nccl')
workflow = [('train', 1)]
opencv_num_threads = 1
mp_start_method = 'fork'
custom_imports = dict(
    imports=['models', 'datasets'], allow_failed_imports=False)
model = dict(
    type='PFLD',
    backbone=dict(type='PFLDInference'),
    loss_cfg=dict(type='PFLDLoss'))
pipeline = [
    dict(type='Resize', height=112, width=112),
    dict(type='ColorJitter', brightness=0.3, p=0.5),
    dict(type='MedianBlur', blur_limit=3, p=0.3),
    dict(type='HorizontalFlip'),
    dict(type='VerticalFlip'),
    dict(type='Rotate'),
    dict(type='Affine', translate_percent=[0.05, 0.1], p=0.6)
]
dataset_type = 'MeterData'
data = dict(
    samples_per_gpu=16,
    workers_per_gpu=2,
    train=dict(
        type='MeterData',
        data_root='/home/dq/gitlab/datasets/table',
        index_file='train_data/list_d.txt',
        pipeline=[
            dict(type='Resize', height=112, width=112),
            dict(type='ColorJitter', brightness=0.3, p=0.5),
            dict(type='MedianBlur', blur_limit=3, p=0.3),
            dict(type='HorizontalFlip'),
            dict(type='VerticalFlip'),
            dict(type='Rotate'),
            dict(type='Affine', translate_percent=[0.05, 0.1], p=0.6)
        ],
        transform=True),
    val=dict(
        type='MeterData',
        data_root='/home/dq/gitlab/datasets/table',
        index_file='test_data/list_d.txt',
        pipeline=[
            dict(type='Resize', height=112, width=112),
            dict(type='ColorJitter', brightness=0.3, p=0.5),
            dict(type='MedianBlur', blur_limit=3, p=0.3),
            dict(type='HorizontalFlip'),
            dict(type='VerticalFlip'),
            dict(type='Rotate'),
            dict(type='Affine', translate_percent=[0.05, 0.1], p=0.6)
        ],
        transform=False),
    test=dict(
        type='MeterData',
        data_root='/home/dq/gitlab/datasets/table',
        index_file='test_data/list_d.txt',
        pipeline=[
            dict(type='Resize', height=112, width=112),
            dict(type='ColorJitter', brightness=0.3, p=0.5),
            dict(type='MedianBlur', blur_limit=3, p=0.3),
            dict(type='HorizontalFlip'),
            dict(type='VerticalFlip'),
            dict(type='Rotate'),
            dict(type='Affine', translate_percent=[0.05, 0.1], p=0.6)
        ],
        transform=False))
evaluation = dict(save_best='loss')
optimizer = dict(type='Adam', lr=0.0001, betas=(0.9, 0.99), weight_decay=1e-06)
optimizer_config = dict(grad_clip=dict(max_norm=35, norm_type=2))
lr_config = dict(policy='OneCycle', max_lr=0.0001, pct_start=0.1)
total_epochs = 500
find_unused_parameters = True
work_dir = '/home/dq/github/edgelab/work_dirs/pfld_mv2n_112/exp14'
auto_resume = False
gpu_ids = [0]

2022-11-25 02:35:34,809 - mmpose - INFO - Set random seed to 1555679543, deterministic: False
2022-11-25 02:35:40,603 - mmpose - INFO - Start running, host: dq@stu, work_dir: /home/dq/github/edgelab/work_dirs/pfld_mv2n_112/exp14
2022-11-25 02:35:40,603 - mmpose - INFO - Hooks will be executed in the following order:
before_run:
(VERY_HIGH   ) OneCycleLrUpdaterHook              
(NORMAL      ) CheckpointHook                     
(NORMAL      ) EvalHook                           
(VERY_LOW    ) TextLoggerHook                     
 -------------------- 
before_train_epoch:
(VERY_HIGH   ) OneCycleLrUpdaterHook              
(NORMAL      ) EvalHook                           
(LOW         ) IterTimerHook                      
(VERY_LOW    ) TextLoggerHook                     
 -------------------- 
before_train_iter:
(VERY_HIGH   ) OneCycleLrUpdaterHook              
(NORMAL      ) EvalHook                           
(LOW         ) IterTimerHook                      
 -------------------- 
after_train_iter:
(ABOVE_NORMAL) OptimizerHook                      
(NORMAL      ) CheckpointHook                     
(NORMAL      ) EvalHook                           
(LOW         ) IterTimerHook                      
(VERY_LOW    ) TextLoggerHook                     
 -------------------- 
after_train_epoch:
(NORMAL      ) CheckpointHook                     
(NORMAL      ) EvalHook                           
(VERY_LOW    ) TextLoggerHook                     
 -------------------- 
before_val_epoch:
(LOW         ) IterTimerHook                      
(VERY_LOW    ) TextLoggerHook                     
 -------------------- 
before_val_iter:
(LOW         ) IterTimerHook                      
 -------------------- 
after_val_iter:
(LOW         ) IterTimerHook                      
 -------------------- 
after_val_epoch:
(VERY_LOW    ) TextLoggerHook                     
 -------------------- 
after_run:
(VERY_LOW    ) TextLoggerHook                     
 -------------------- 
2022-11-25 02:35:40,604 - mmpose - INFO - workflow: [('train', 1)], max: 500 epochs
2022-11-25 02:35:40,604 - mmpose - INFO - Checkpoints will be saved to /home/dq/github/edgelab/work_dirs/pfld_mv2n_112/exp14 by HardDiskBackend.
2022-11-25 02:35:43,193 - mmpose - INFO - Epoch [1][5/325]	lr: 4.000e-06, eta: 23:21:22, time: 0.517, data_time: 0.457, memory: 145, loss: 0.8683, grad_norm: 38.0887
2022-11-25 02:35:43,456 - mmpose - INFO - Epoch [1][10/325]	lr: 4.000e-06, eta: 12:52:06, time: 0.053, data_time: 0.001, memory: 145, loss: 0.8243, grad_norm: 38.1583
2022-11-25 02:35:43,712 - mmpose - INFO - Epoch [1][15/325]	lr: 4.000e-06, eta: 9:20:53, time: 0.051, data_time: 0.000, memory: 145, loss: 0.8401, grad_norm: 37.4556
2022-11-25 02:35:43,984 - mmpose - INFO - Epoch [1][20/325]	lr: 4.000e-06, eta: 7:37:12, time: 0.054, data_time: 0.000, memory: 145, loss: 0.6478, grad_norm: 33.1727
2022-11-25 02:35:44,263 - mmpose - INFO - Epoch [1][25/325]	lr: 4.001e-06, eta: 6:36:06, time: 0.056, data_time: 0.001, memory: 145, loss: 0.7834, grad_norm: 37.3325
2022-11-25 02:35:44,546 - mmpose - INFO - Epoch [1][30/325]	lr: 4.001e-06, eta: 5:55:42, time: 0.057, data_time: 0.001, memory: 145, loss: 0.7842, grad_norm: 36.5595
2022-11-25 02:35:44,813 - mmpose - INFO - Epoch [1][35/325]	lr: 4.001e-06, eta: 5:25:28, time: 0.053, data_time: 0.000, memory: 145, loss: 0.6856, grad_norm: 35.3360
2022-11-25 02:35:45,093 - mmpose - INFO - Epoch [1][40/325]	lr: 4.001e-06, eta: 5:03:43, time: 0.056, data_time: 0.001, memory: 145, loss: 0.6713, grad_norm: 36.8653
2022-11-25 02:35:45,370 - mmpose - INFO - Epoch [1][45/325]	lr: 4.002e-06, eta: 4:46:34, time: 0.055, data_time: 0.001, memory: 145, loss: 0.5485, grad_norm: 32.2654
