2022-11-25 06:22:00,251 - mmpose - INFO - Environment info:
------------------------------------------------------------
sys.platform: linux
Python: 3.8.13 (default, Mar 28 2022, 11:38:47) [GCC 7.5.0]
CUDA available: True
GPU 0: NVIDIA A100-PCIE-40GB
CUDA_HOME: /usr
NVCC: Cuda compilation tools, release 10.1, V10.1.24
GCC: gcc (Ubuntu 9.4.0-1ubuntu1~20.04.1) 9.4.0
PyTorch: 1.11.0+cu113
PyTorch compiling details: PyTorch built with:
  - GCC 7.3
  - C++ Version: 201402
  - Intel(R) Math Kernel Library Version 2020.0.0 Product Build 20191122 for Intel(R) 64 architecture applications
  - Intel(R) MKL-DNN v2.5.2 (Git Hash a9302535553c73243c632ad3c4c80beec3d19a1e)
  - OpenMP 201511 (a.k.a. OpenMP 4.5)
  - LAPACK is enabled (usually provided by MKL)
  - NNPACK is enabled
  - CPU capability usage: AVX2
  - CUDA Runtime 11.3
  - NVCC architecture flags: -gencode;arch=compute_37,code=sm_37;-gencode;arch=compute_50,code=sm_50;-gencode;arch=compute_60,code=sm_60;-gencode;arch=compute_70,code=sm_70;-gencode;arch=compute_75,code=sm_75;-gencode;arch=compute_80,code=sm_80;-gencode;arch=compute_86,code=sm_86
  - CuDNN 8.2
  - Magma 2.5.2
  - Build settings: BLAS_INFO=mkl, BUILD_TYPE=Release, CUDA_VERSION=11.3, CUDNN_VERSION=8.2.0, CXX_COMPILER=/opt/rh/devtoolset-7/root/usr/bin/c++, CXX_FLAGS= -Wno-deprecated -fvisibility-inlines-hidden -DUSE_PTHREADPOOL -fopenmp -DNDEBUG -DUSE_KINETO -DUSE_FBGEMM -DUSE_QNNPACK -DUSE_PYTORCH_QNNPACK -DUSE_XNNPACK -DSYMBOLICATE_MOBILE_DEBUG_HANDLE -DEDGE_PROFILER_USE_KINETO -O2 -fPIC -Wno-narrowing -Wall -Wextra -Werror=return-type -Wno-missing-field-initializers -Wno-type-limits -Wno-array-bounds -Wno-unknown-pragmas -Wno-sign-compare -Wno-unused-parameter -Wno-unused-function -Wno-unused-result -Wno-unused-local-typedefs -Wno-strict-overflow -Wno-strict-aliasing -Wno-error=deprecated-declarations -Wno-stringop-overflow -Wno-psabi -Wno-error=pedantic -Wno-error=redundant-decls -Wno-error=old-style-cast -fdiagnostics-color=always -faligned-new -Wno-unused-but-set-variable -Wno-maybe-uninitialized -fno-math-errno -fno-trapping-math -Werror=format -Wno-stringop-overflow, LAPACK_INFO=mkl, PERF_WITH_AVX=1, PERF_WITH_AVX2=1, PERF_WITH_AVX512=1, TORCH_VERSION=1.11.0, USE_CUDA=ON, USE_CUDNN=ON, USE_EXCEPTION_PTR=1, USE_GFLAGS=OFF, USE_GLOG=OFF, USE_MKL=ON, USE_MKLDNN=OFF, USE_MPI=OFF, USE_NCCL=ON, USE_NNPACK=ON, USE_OPENMP=ON, USE_ROCM=OFF, 

TorchVision: 0.12.0+cu113
OpenCV: 4.6.0
MMCV: 1.6.2
MMCV Compiler: GCC 9.4
MMCV CUDA Compiler: 10.1
MMPose: 0.29.0+c314105
------------------------------------------------------------

2022-11-25 06:22:00,343 - mmpose - INFO - Distributed training: False
2022-11-25 06:22:00,403 - mmpose - INFO - Config:
checkpoint_config = dict(interval=1)
log_config = dict(interval=5, hooks=[dict(type='TextLoggerHook')])
log_level = 'INFO'
load_from = None
resume_from = None
dist_params = dict(backend='nccl')
workflow = [('train', 1)]
opencv_num_threads = 1
mp_start_method = 'fork'
custom_imports = dict(
    imports=['models', 'datasets'], allow_failed_imports=False)
model = dict(
    type='PFLD',
    backbone=dict(type='PFLDInference'),
    loss_cfg=dict(type='PFLDLoss'))
train_pipeline = [
    dict(type='Resize', height=112, width=112, interpolation=0),
    dict(type='ColorJitter', brightness=0.3, p=0.5),
    dict(type='MedianBlur', blur_limit=3, p=0.3),
    dict(type='HorizontalFlip'),
    dict(type='VerticalFlip'),
    dict(type='Rotate'),
    dict(type='Affine', translate_percent=[0.05, 0.1], p=0.6)
]
val_pipeline = [dict(type='Resize', height=112, width=112)]
dataset_type = 'MeterData'
data = dict(
    samples_per_gpu=16,
    workers_per_gpu=2,
    train=dict(
        type='MeterData',
        data_root='/home/dq/gitlab/datasets/table',
        index_file='train_data/annotations.txt',
        pipeline=[
            dict(type='Resize', height=112, width=112, interpolation=0),
            dict(type='ColorJitter', brightness=0.3, p=0.5),
            dict(type='MedianBlur', blur_limit=3, p=0.3),
            dict(type='HorizontalFlip'),
            dict(type='VerticalFlip'),
            dict(type='Rotate'),
            dict(type='Affine', translate_percent=[0.05, 0.1], p=0.6)
        ],
        transform=True),
    val=dict(
        type='MeterData',
        data_root='/home/dq/gitlab/datasets/table',
        index_file='test_data/annotations.txt',
        pipeline=[dict(type='Resize', height=112, width=112)],
        transform=False),
    test=dict(
        type='MeterData',
        data_root='/home/dq/gitlab/datasets/table',
        index_file='test_data/annotations.txt',
        pipeline=[dict(type='Resize', height=112, width=112)],
        transform=False))
evaluation = dict(save_best='loss')
optimizer = dict(type='Adam', lr=0.0001, betas=(0.9, 0.99), weight_decay=1e-06)
optimizer_config = dict(grad_clip=dict(max_norm=35, norm_type=2))
lr_config = dict(
    policy='step',
    warmup='linear',
    warmup_iters=400,
    warmup_ratio=0.0001,
    step=[440, 490])
total_epochs = 500
find_unused_parameters = True
work_dir = '/home/dq/github/edgelab/work_dirs/pfld_mv2n_112/exp27'
auto_resume = False
gpu_ids = [0]

2022-11-25 06:22:00,404 - mmpose - INFO - Set random seed to 695609669, deterministic: False
2022-11-25 06:22:05,452 - mmpose - INFO - Start running, host: dq@stu, work_dir: /home/dq/github/edgelab/work_dirs/pfld_mv2n_112/exp27
2022-11-25 06:22:05,452 - mmpose - INFO - Hooks will be executed in the following order:
before_run:
(VERY_HIGH   ) StepLrUpdaterHook                  
(NORMAL      ) CheckpointHook                     
(NORMAL      ) EvalHook                           
(VERY_LOW    ) TextLoggerHook                     
 -------------------- 
before_train_epoch:
(VERY_HIGH   ) StepLrUpdaterHook                  
(NORMAL      ) EvalHook                           
(LOW         ) IterTimerHook                      
(VERY_LOW    ) TextLoggerHook                     
 -------------------- 
before_train_iter:
(VERY_HIGH   ) StepLrUpdaterHook                  
(NORMAL      ) EvalHook                           
(LOW         ) IterTimerHook                      
 -------------------- 
after_train_iter:
(ABOVE_NORMAL) OptimizerHook                      
(NORMAL      ) CheckpointHook                     
(NORMAL      ) EvalHook                           
(LOW         ) IterTimerHook                      
(VERY_LOW    ) TextLoggerHook                     
 -------------------- 
after_train_epoch:
(NORMAL      ) CheckpointHook                     
(NORMAL      ) EvalHook                           
(VERY_LOW    ) TextLoggerHook                     
 -------------------- 
before_val_epoch:
(LOW         ) IterTimerHook                      
(VERY_LOW    ) TextLoggerHook                     
 -------------------- 
before_val_iter:
(LOW         ) IterTimerHook                      
 -------------------- 
after_val_iter:
(LOW         ) IterTimerHook                      
 -------------------- 
after_val_epoch:
(VERY_LOW    ) TextLoggerHook                     
 -------------------- 
after_run:
(VERY_LOW    ) TextLoggerHook                     
 -------------------- 
2022-11-25 06:22:05,452 - mmpose - INFO - workflow: [('train', 1)], max: 500 epochs
2022-11-25 06:22:05,452 - mmpose - INFO - Checkpoints will be saved to /home/dq/github/edgelab/work_dirs/pfld_mv2n_112/exp27 by HardDiskBackend.
2022-11-25 06:22:08,118 - mmpose - INFO - Epoch [1][5/325]	lr: 1.010e-06, eta: 1 day, 0:02:41, time: 0.533, data_time: 0.456, memory: 145, loss: 0.1815, grad_norm: 18.2018
2022-11-25 06:22:08,396 - mmpose - INFO - Epoch [1][10/325]	lr: 2.260e-06, eta: 13:16:42, time: 0.056, data_time: 0.001, memory: 145, loss: 0.1793, grad_norm: 18.8098
2022-11-25 06:22:08,649 - mmpose - INFO - Epoch [1][15/325]	lr: 3.510e-06, eta: 9:36:53, time: 0.051, data_time: 0.000, memory: 145, loss: 0.1964, grad_norm: 18.4809
2022-11-25 06:22:08,908 - mmpose - INFO - Epoch [1][20/325]	lr: 4.760e-06, eta: 7:47:40, time: 0.052, data_time: 0.000, memory: 145, loss: 0.1855, grad_norm: 18.7736
2022-11-25 06:22:09,175 - mmpose - INFO - Epoch [1][25/325]	lr: 6.009e-06, eta: 6:42:52, time: 0.053, data_time: 0.000, memory: 145, loss: 0.1574, grad_norm: 16.4642
2022-11-25 06:22:09,432 - mmpose - INFO - Epoch [1][30/325]	lr: 7.259e-06, eta: 5:59:03, time: 0.052, data_time: 0.001, memory: 145, loss: 0.1628, grad_norm: 17.7664
2022-11-25 06:22:09,690 - mmpose - INFO - Epoch [1][35/325]	lr: 8.509e-06, eta: 5:27:36, time: 0.051, data_time: 0.000, memory: 145, loss: 0.1478, grad_norm: 17.4948
2022-11-25 06:22:09,949 - mmpose - INFO - Epoch [1][40/325]	lr: 9.759e-06, eta: 5:04:15, time: 0.052, data_time: 0.001, memory: 145, loss: 0.1624, grad_norm: 16.9257
2022-11-25 06:22:10,212 - mmpose - INFO - Epoch [1][45/325]	lr: 1.101e-05, eta: 4:46:11, time: 0.052, data_time: 0.000, memory: 145, loss: 0.1238, grad_norm: 15.1131
2022-11-25 06:22:10,465 - mmpose - INFO - Epoch [1][50/325]	lr: 1.226e-05, eta: 4:31:20, time: 0.051, data_time: 0.001, memory: 145, loss: 0.1378, grad_norm: 15.8367
2022-11-25 06:22:10,722 - mmpose - INFO - Epoch [1][55/325]	lr: 1.351e-05, eta: 4:19:20, time: 0.052, data_time: 0.000, memory: 145, loss: 0.1153, grad_norm: 14.2735
2022-11-25 06:22:10,982 - mmpose - INFO - Epoch [1][60/325]	lr: 1.476e-05, eta: 4:09:22, time: 0.052, data_time: 0.000, memory: 145, loss: 0.0718, grad_norm: 11.3338
2022-11-25 06:22:11,237 - mmpose - INFO - Epoch [1][65/325]	lr: 1.601e-05, eta: 4:00:51, time: 0.051, data_time: 0.001, memory: 145, loss: 0.1018, grad_norm: 14.0287
2022-11-25 06:22:11,497 - mmpose - INFO - Epoch [1][70/325]	lr: 1.726e-05, eta: 3:53:42, time: 0.052, data_time: 0.000, memory: 145, loss: 0.0727, grad_norm: 11.7670
2022-11-25 06:22:11,755 - mmpose - INFO - Epoch [1][75/325]	lr: 1.851e-05, eta: 3:47:25, time: 0.052, data_time: 0.000, memory: 145, loss: 0.0692, grad_norm: 13.6298
2022-11-25 06:22:12,010 - mmpose - INFO - Epoch [1][80/325]	lr: 1.976e-05, eta: 3:41:49, time: 0.051, data_time: 0.000, memory: 145, loss: 0.0602, grad_norm: 11.0538
2022-11-25 06:22:12,269 - mmpose - INFO - Epoch [1][85/325]	lr: 2.101e-05, eta: 3:36:59, time: 0.052, data_time: 0.000, memory: 145, loss: 0.0534, grad_norm: 10.1867
2022-11-25 06:22:12,528 - mmpose - INFO - Epoch [1][90/325]	lr: 2.226e-05, eta: 3:32:45, time: 0.052, data_time: 0.001, memory: 145, loss: 0.0631, grad_norm: 11.1813
2022-11-25 06:22:12,789 - mmpose - INFO - Epoch [1][95/325]	lr: 2.351e-05, eta: 3:29:00, time: 0.052, data_time: 0.000, memory: 145, loss: 0.0555, grad_norm: 9.7609
2022-11-25 06:22:13,042 - mmpose - INFO - Epoch [1][100/325]	lr: 2.476e-05, eta: 3:25:22, time: 0.050, data_time: 0.001, memory: 145, loss: 0.0434, grad_norm: 8.7047
2022-11-25 06:22:13,297 - mmpose - INFO - Epoch [1][105/325]	lr: 2.601e-05, eta: 3:22:08, time: 0.051, data_time: 0.000, memory: 145, loss: 0.0448, grad_norm: 9.2948
2022-11-25 06:22:13,559 - mmpose - INFO - Epoch [1][110/325]	lr: 2.726e-05, eta: 3:19:24, time: 0.052, data_time: 0.000, memory: 145, loss: 0.0567, grad_norm: 11.0503
2022-11-25 06:22:13,814 - mmpose - INFO - Epoch [1][115/325]	lr: 2.851e-05, eta: 3:16:44, time: 0.051, data_time: 0.000, memory: 145, loss: 0.0432, grad_norm: 9.9633
2022-11-25 06:22:14,086 - mmpose - INFO - Epoch [1][120/325]	lr: 2.976e-05, eta: 3:14:37, time: 0.054, data_time: 0.000, memory: 145, loss: 0.0493, grad_norm: 9.7382
2022-11-25 06:22:14,343 - mmpose - INFO - Epoch [1][125/325]	lr: 3.101e-05, eta: 3:12:25, time: 0.052, data_time: 0.001, memory: 145, loss: 0.0451, grad_norm: 9.3777
2022-11-25 06:22:14,603 - mmpose - INFO - Epoch [1][130/325]	lr: 3.226e-05, eta: 3:10:23, time: 0.052, data_time: 0.000, memory: 145, loss: 0.0414, grad_norm: 9.6647
2022-11-25 06:22:14,857 - mmpose - INFO - Epoch [1][135/325]	lr: 3.351e-05, eta: 3:08:28, time: 0.051, data_time: 0.001, memory: 145, loss: 0.0477, grad_norm: 10.0110
2022-11-25 06:22:15,101 - mmpose - INFO - Epoch [1][140/325]	lr: 3.476e-05, eta: 3:06:27, time: 0.049, data_time: 0.000, memory: 145, loss: 0.0436, grad_norm: 9.7168
